{"C:\\Users\\dolev\\OneDrive - cs.colman.ac.il\\EatWell-Back\\backend\\app.ts": {"path":"C:\\Users\\dolev\\OneDrive - cs.colman.ac.il\\EatWell-Back\\backend\\app.ts","statementMap":{"0":{"start":{"line":1,"column":0},"end":{"line":1,"column":25}},"1":{"start":{"line":2,"column":0},"end":{"line":2,"column":13}},"2":{"start":{"line":3,"column":0},"end":{"line":3,"column":43}},"3":{"start":{"line":4,"column":0},"end":{"line":4,"column":32}},"4":{"start":{"line":5,"column":0},"end":{"line":5,"column":37}},"5":{"start":{"line":6,"column":0},"end":{"line":6,"column":44}},"6":{"start":{"line":7,"column":0},"end":{"line":7,"column":45}},"7":{"start":{"line":8,"column":0},"end":{"line":8,"column":44}},"8":{"start":{"line":9,"column":0},"end":{"line":9,"column":49}},"9":{"start":{"line":10,"column":0},"end":{"line":10,"column":49}},"10":{"start":{"line":11,"column":0},"end":{"line":11,"column":57}},"11":{"start":{"line":12,"column":0},"end":{"line":12,"column":60}},"12":{"start":{"line":13,"column":0},"end":{"line":13,"column":24}},"13":{"start":{"line":14,"column":0},"end":{"line":14,"column":24}},"14":{"start":{"line":16,"column":16},"end":{"line":40,"column":1}},"15":{"start":{"line":17,"column":18},"end":{"line":38,"column":4}},"16":{"start":{"line":18,"column":15},"end":{"line":18,"column":34}},"17":{"start":{"line":19,"column":4},"end":{"line":19,"column":64}},"18":{"start":{"line":19,"column":26},"end":{"line":19,"column":62}},"19":{"start":{"line":20,"column":4},"end":{"line":20,"column":52}},"20":{"start":{"line":20,"column":30},"end":{"line":20,"column":50}},"21":{"start":{"line":21,"column":16},"end":{"line":21,"column":34}},"22":{"start":{"line":22,"column":4},"end":{"line":37,"column":7}},"23":{"start":{"line":23,"column":18},"end":{"line":23,"column":27}},"24":{"start":{"line":24,"column":6},"end":{"line":24,"column":22}},"25":{"start":{"line":25,"column":6},"end":{"line":25,"column":33}},"26":{"start":{"line":26,"column":6},"end":{"line":26,"column":57}},"27":{"start":{"line":27,"column":6},"end":{"line":27,"column":34}},"28":{"start":{"line":28,"column":6},"end":{"line":28,"column":34}},"29":{"start":{"line":29,"column":6},"end":{"line":29,"column":42}},"30":{"start":{"line":30,"column":6},"end":{"line":30,"column":47}},"31":{"start":{"line":31,"column":6},"end":{"line":31,"column":49}},"32":{"start":{"line":32,"column":6},"end":{"line":32,"column":74}},"33":{"start":{"line":33,"column":6},"end":{"line":33,"column":34}},"34":{"start":{"line":34,"column":6},"end":{"line":34,"column":39}},"35":{"start":{"line":36,"column":6},"end":{"line":36,"column":19}},"36":{"start":{"line":39,"column":2},"end":{"line":39,"column":17}},"37":{"start":{"line":42,"column":0},"end":{"line":42,"column":23}}},"fnMap":{"0":{"name":"(anonymous_1)","decl":{"start":{"line":16,"column":16},"end":{"line":16,"column":37}},"loc":{"start":{"line":16,"column":39},"end":{"line":40,"column":1}}},"1":{"name":"(anonymous_2)","decl":{"start":{"line":17,"column":39},"end":{"line":17,"column":40}},"loc":{"start":{"line":17,"column":51},"end":{"line":38,"column":3}}},"2":{"name":"(anonymous_3)","decl":{"start":{"line":19,"column":20},"end":{"line":19,"column":23}},"loc":{"start":{"line":19,"column":26},"end":{"line":19,"column":62}}},"3":{"name":"(anonymous_4)","decl":{"start":{"line":20,"column":19},"end":{"line":20,"column":20}},"loc":{"start":{"line":20,"column":30},"end":{"line":20,"column":50}}},"4":{"name":"(anonymous_5)","decl":{"start":{"line":22,"column":32},"end":{"line":22,"column":35}},"loc":{"start":{"line":22,"column":37},"end":{"line":37,"column":5}}}},"branchMap":{},"s":{"0":9,"1":9,"2":9,"3":9,"4":9,"5":9,"6":9,"7":9,"8":9,"9":9,"10":9,"11":9,"12":9,"13":9,"14":9,"15":13,"16":13,"17":13,"18":9,"19":13,"20":0,"21":13,"22":13,"23":13,"24":13,"25":13,"26":13,"27":13,"28":13,"29":13,"30":13,"31":13,"32":13,"33":13,"34":13,"35":13,"36":13,"37":9},"f":{"0":13,"1":13,"2":9,"3":0,"4":13},"b":{}}
,"C:\\Users\\dolev\\OneDrive - cs.colman.ac.il\\EatWell-Back\\backend\\controllers\\auth_controller.ts": {"path":"C:\\Users\\dolev\\OneDrive - cs.colman.ac.il\\EatWell-Back\\backend\\controllers\\auth_controller.ts","statementMap":{"0":{"start":{"line":2,"column":0},"end":{"line":2,"column":51}},"1":{"start":{"line":3,"column":0},"end":{"line":3,"column":31}},"2":{"start":{"line":4,"column":0},"end":{"line":4,"column":28}},"3":{"start":{"line":5,"column":0},"end":{"line":5,"column":61}},"4":{"start":{"line":6,"column":0},"end":{"line":6,"column":76}},"5":{"start":{"line":7,"column":0},"end":{"line":7,"column":51}},"6":{"start":{"line":10,"column":0},"end":{"line":10,"column":24}},"7":{"start":{"line":11,"column":15},"end":{"line":11,"column":61}},"8":{"start":{"line":12,"column":21},"end":{"line":73,"column":1}},"9":{"start":{"line":13,"column":2},"end":{"line":13,"column":24}},"10":{"start":{"line":14,"column":2},"end":{"line":72,"column":3}},"11":{"start":{"line":15,"column":19},"end":{"line":18,"column":6}},"12":{"start":{"line":20,"column":20},"end":{"line":20,"column":39}},"13":{"start":{"line":21,"column":4},"end":{"line":21,"column":36}},"14":{"start":{"line":23,"column":18},"end":{"line":23,"column":32}},"15":{"start":{"line":24,"column":4},"end":{"line":24,"column":32}},"16":{"start":{"line":25,"column":4},"end":{"line":69,"column":5}},"17":{"start":{"line":26,"column":17},"end":{"line":26,"column":53}},"18":{"start":{"line":27,"column":6},"end":{"line":27,"column":37}},"19":{"start":{"line":28,"column":6},"end":{"line":28,"column":52}},"20":{"start":{"line":30,"column":6},"end":{"line":57,"column":7}},"21":{"start":{"line":31,"column":8},"end":{"line":37,"column":11}},"22":{"start":{"line":38,"column":8},"end":{"line":38,"column":41}},"23":{"start":{"line":39,"column":8},"end":{"line":56,"column":11}},"24":{"start":{"line":59,"column":21},"end":{"line":59,"column":47}},"25":{"start":{"line":60,"column":6},"end":{"line":60,"column":36}},"26":{"start":{"line":62,"column":6},"end":{"line":68,"column":9}},"27":{"start":{"line":71,"column":4},"end":{"line":71,"column":45}},"28":{"start":{"line":75,"column":17},"end":{"line":152,"column":1}},"29":{"start":{"line":77,"column":2},"end":{"line":77,"column":36}},"30":{"start":{"line":84,"column":14},"end":{"line":84,"column":22}},"31":{"start":{"line":85,"column":2},"end":{"line":87,"column":3}},"32":{"start":{"line":86,"column":4},"end":{"line":86,"column":59}},"33":{"start":{"line":88,"column":2},"end":{"line":151,"column":3}},"34":{"start":{"line":89,"column":25},"end":{"line":89,"column":61}},"35":{"start":{"line":90,"column":4},"end":{"line":92,"column":5}},"36":{"start":{"line":91,"column":6},"end":{"line":91,"column":56}},"37":{"start":{"line":93,"column":17},"end":{"line":93,"column":41}},"38":{"start":{"line":94,"column":30},"end":{"line":94,"column":63}},"39":{"start":{"line":96,"column":21},"end":{"line":97,"column":null}},"40":{"start":{"line":99,"column":4},"end":{"line":99,"column":38}},"41":{"start":{"line":103,"column":20},"end":{"line":109,"column":6}},"42":{"start":{"line":111,"column":33},"end":{"line":117,"column":null}},"43":{"start":{"line":120,"column":4},"end":{"line":137,"column":7}},"44":{"start":{"line":138,"column":18},"end":{"line":138,"column":47}},"45":{"start":{"line":139,"column":4},"end":{"line":147,"column":7}},"46":{"start":{"line":149,"column":4},"end":{"line":149,"column":23}},"47":{"start":{"line":150,"column":4},"end":{"line":150,"column":61}},"48":{"start":{"line":154,"column":23},"end":{"line":172,"column":1}},"49":{"start":{"line":155,"column":22},"end":{"line":157,"column":4}},"50":{"start":{"line":158,"column":23},"end":{"line":160,"column":null}},"51":{"start":{"line":162,"column":2},"end":{"line":166,"column":3}},"52":{"start":{"line":163,"column":4},"end":{"line":163,"column":40}},"53":{"start":{"line":165,"column":4},"end":{"line":165,"column":42}},"54":{"start":{"line":167,"column":2},"end":{"line":167,"column":20}},"55":{"start":{"line":168,"column":2},"end":{"line":171,"column":4}},"56":{"start":{"line":174,"column":14},"end":{"line":208,"column":1}},"57":{"start":{"line":176,"column":30},"end":{"line":176,"column":38}},"58":{"start":{"line":177,"column":2},"end":{"line":179,"column":3}},"59":{"start":{"line":178,"column":4},"end":{"line":178,"column":61}},"60":{"start":{"line":181,"column":2},"end":{"line":207,"column":3}},"61":{"start":{"line":182,"column":17},"end":{"line":182,"column":53}},"62":{"start":{"line":183,"column":4},"end":{"line":183,"column":36}},"63":{"start":{"line":185,"column":4},"end":{"line":187,"column":5}},"64":{"start":{"line":186,"column":6},"end":{"line":186,"column":65}},"65":{"start":{"line":188,"column":18},"end":{"line":188,"column":63}},"66":{"start":{"line":189,"column":4},"end":{"line":191,"column":5}},"67":{"start":{"line":190,"column":6},"end":{"line":190,"column":65}},"68":{"start":{"line":193,"column":19},"end":{"line":193,"column":45}},"69":{"start":{"line":195,"column":4},"end":{"line":203,"column":7}},"70":{"start":{"line":205,"column":4},"end":{"line":205,"column":23}},"71":{"start":{"line":206,"column":4},"end":{"line":206,"column":61}},"72":{"start":{"line":210,"column":15},"end":{"line":247,"column":1}},"73":{"start":{"line":213,"column":21},"end":{"line":213,"column":49}},"74":{"start":{"line":215,"column":23},"end":{"line":215,"column":61}},"75":{"start":{"line":216,"column":2},"end":{"line":216,"column":55}},"76":{"start":{"line":216,"column":28},"end":{"line":216,"column":55}},"77":{"start":{"line":217,"column":2},"end":{"line":246,"column":4}},"78":{"start":{"line":221,"column":6},"end":{"line":221,"column":23}},"79":{"start":{"line":222,"column":6},"end":{"line":225,"column":7}},"80":{"start":{"line":223,"column":8},"end":{"line":223,"column":25}},"81":{"start":{"line":224,"column":8},"end":{"line":224,"column":41}},"82":{"start":{"line":226,"column":6},"end":{"line":244,"column":7}},"83":{"start":{"line":227,"column":23},"end":{"line":227,"column":60}},"84":{"start":{"line":228,"column":8},"end":{"line":241,"column":9}},"85":{"start":{"line":232,"column":10},"end":{"line":232,"column":36}},"86":{"start":{"line":233,"column":10},"end":{"line":233,"column":30}},"87":{"start":{"line":234,"column":10},"end":{"line":234,"column":37}},"88":{"start":{"line":236,"column":10},"end":{"line":238,"column":12}},"89":{"start":{"line":237,"column":19},"end":{"line":237,"column":37}},"90":{"start":{"line":239,"column":10},"end":{"line":239,"column":30}},"91":{"start":{"line":240,"column":10},"end":{"line":240,"column":37}},"92":{"start":{"line":243,"column":8},"end":{"line":243,"column":46}},"93":{"start":{"line":249,"column":16},"end":{"line":294,"column":1}},"94":{"start":{"line":250,"column":21},"end":{"line":250,"column":49}},"95":{"start":{"line":251,"column":23},"end":{"line":251,"column":61}},"96":{"start":{"line":252,"column":2},"end":{"line":252,"column":55}},"97":{"start":{"line":252,"column":28},"end":{"line":252,"column":55}},"98":{"start":{"line":253,"column":2},"end":{"line":293,"column":4}},"99":{"start":{"line":257,"column":6},"end":{"line":260,"column":7}},"100":{"start":{"line":258,"column":8},"end":{"line":258,"column":25}},"101":{"start":{"line":259,"column":8},"end":{"line":259,"column":35}},"102":{"start":{"line":261,"column":6},"end":{"line":291,"column":7}},"103":{"start":{"line":262,"column":23},"end":{"line":262,"column":60}},"104":{"start":{"line":263,"column":8},"end":{"line":270,"column":9}},"105":{"start":{"line":267,"column":10},"end":{"line":267,"column":36}},"106":{"start":{"line":268,"column":10},"end":{"line":268,"column":30}},"107":{"start":{"line":269,"column":10},"end":{"line":269,"column":37}},"108":{"start":{"line":271,"column":28},"end":{"line":274,"column":null}},"109":{"start":{"line":276,"column":32},"end":{"line":278,"column":null}},"110":{"start":{"line":280,"column":8},"end":{"line":282,"column":10}},"111":{"start":{"line":281,"column":17},"end":{"line":281,"column":35}},"112":{"start":{"line":283,"column":8},"end":{"line":283,"column":51}},"113":{"start":{"line":284,"column":8},"end":{"line":284,"column":28}},"114":{"start":{"line":285,"column":8},"end":{"line":288,"column":11}},"115":{"start":{"line":290,"column":8},"end":{"line":290,"column":46}},"116":{"start":{"line":296,"column":0},"end":{"line":302,"column":2}}},"fnMap":{"0":{"name":"(anonymous_1)","decl":{"start":{"line":12,"column":21},"end":{"line":12,"column":26}},"loc":{"start":{"line":12,"column":59},"end":{"line":73,"column":1}}},"1":{"name":"(anonymous_2)","decl":{"start":{"line":75,"column":17},"end":{"line":75,"column":22}},"loc":{"start":{"line":75,"column":74},"end":{"line":152,"column":1}}},"2":{"name":"(anonymous_3)","decl":{"start":{"line":154,"column":23},"end":{"line":154,"column":28}},"loc":{"start":{"line":154,"column":56},"end":{"line":172,"column":1}}},"3":{"name":"(anonymous_4)","decl":{"start":{"line":174,"column":14},"end":{"line":174,"column":19}},"loc":{"start":{"line":174,"column":52},"end":{"line":208,"column":1}}},"4":{"name":"(anonymous_5)","decl":{"start":{"line":210,"column":15},"end":{"line":210,"column":20}},"loc":{"start":{"line":210,"column":53},"end":{"line":247,"column":1}}},"5":{"name":"(anonymous_6)","decl":{"start":{"line":220,"column":4},"end":{"line":220,"column":9}},"loc":{"start":{"line":220,"column":41},"end":{"line":245,"column":5}}},"6":{"name":"(anonymous_7)","decl":{"start":{"line":237,"column":12},"end":{"line":237,"column":13}},"loc":{"start":{"line":237,"column":19},"end":{"line":237,"column":37}}},"7":{"name":"(anonymous_8)","decl":{"start":{"line":249,"column":16},"end":{"line":249,"column":21}},"loc":{"start":{"line":249,"column":54},"end":{"line":294,"column":1}}},"8":{"name":"(anonymous_9)","decl":{"start":{"line":256,"column":4},"end":{"line":256,"column":9}},"loc":{"start":{"line":256,"column":41},"end":{"line":292,"column":5}}},"9":{"name":"(anonymous_10)","decl":{"start":{"line":281,"column":10},"end":{"line":281,"column":11}},"loc":{"start":{"line":281,"column":17},"end":{"line":281,"column":35}}}},"branchMap":{"0":{"loc":{"start":{"line":25,"column":4},"end":{"line":69,"column":5}},"type":"if","locations":[{"start":{"line":25,"column":4},"end":{"line":69,"column":5}}]},"1":{"loc":{"start":{"line":30,"column":6},"end":{"line":57,"column":7}},"type":"if","locations":[{"start":{"line":30,"column":6},"end":{"line":57,"column":7}}]},"2":{"loc":{"start":{"line":85,"column":2},"end":{"line":87,"column":3}},"type":"if","locations":[{"start":{"line":85,"column":2},"end":{"line":87,"column":3}}]},"3":{"loc":{"start":{"line":85,"column":6},"end":{"line":85,"column":85}},"type":"binary-expr","locations":[{"start":{"line":85,"column":6},"end":{"line":85,"column":12}},{"start":{"line":85,"column":16},"end":{"line":85,"column":25}},{"start":{"line":85,"column":29},"end":{"line":85,"column":36}},{"start":{"line":85,"column":40},"end":{"line":85,"column":47}},{"start":{"line":85,"column":51},"end":{"line":85,"column":58}},{"start":{"line":85,"column":62},"end":{"line":85,"column":76}},{"start":{"line":85,"column":80},"end":{"line":85,"column":85}}]},"4":{"loc":{"start":{"line":90,"column":4},"end":{"line":92,"column":5}},"type":"if","locations":[{"start":{"line":90,"column":4},"end":{"line":92,"column":5}}]},"5":{"loc":{"start":{"line":162,"column":2},"end":{"line":166,"column":3}},"type":"if","locations":[{"start":{"line":162,"column":2},"end":{"line":166,"column":3}},{"start":{"line":164,"column":9},"end":{"line":166,"column":3}}]},"6":{"loc":{"start":{"line":177,"column":2},"end":{"line":179,"column":3}},"type":"if","locations":[{"start":{"line":177,"column":2},"end":{"line":179,"column":3}}]},"7":{"loc":{"start":{"line":177,"column":6},"end":{"line":177,"column":25}},"type":"binary-expr","locations":[{"start":{"line":177,"column":6},"end":{"line":177,"column":12}},{"start":{"line":177,"column":16},"end":{"line":177,"column":25}}]},"8":{"loc":{"start":{"line":185,"column":4},"end":{"line":187,"column":5}},"type":"if","locations":[{"start":{"line":185,"column":4},"end":{"line":187,"column":5}}]},"9":{"loc":{"start":{"line":189,"column":4},"end":{"line":191,"column":5}},"type":"if","locations":[{"start":{"line":189,"column":4},"end":{"line":191,"column":5}}]},"10":{"loc":{"start":{"line":215,"column":23},"end":{"line":215,"column":61}},"type":"binary-expr","locations":[{"start":{"line":215,"column":23},"end":{"line":215,"column":33}},{"start":{"line":215,"column":37},"end":{"line":215,"column":61}}]},"11":{"loc":{"start":{"line":216,"column":2},"end":{"line":216,"column":55}},"type":"if","locations":[{"start":{"line":216,"column":2},"end":{"line":216,"column":55}}]},"12":{"loc":{"start":{"line":222,"column":6},"end":{"line":225,"column":7}},"type":"if","locations":[{"start":{"line":222,"column":6},"end":{"line":225,"column":7}}]},"13":{"loc":{"start":{"line":228,"column":8},"end":{"line":241,"column":9}},"type":"if","locations":[{"start":{"line":228,"column":8},"end":{"line":241,"column":9}},{"start":{"line":235,"column":15},"end":{"line":241,"column":9}}]},"14":{"loc":{"start":{"line":229,"column":10},"end":{"line":230,"column":54}},"type":"binary-expr","locations":[{"start":{"line":229,"column":10},"end":{"line":229,"column":31}},{"start":{"line":230,"column":10},"end":{"line":230,"column":54}}]},"15":{"loc":{"start":{"line":251,"column":23},"end":{"line":251,"column":61}},"type":"binary-expr","locations":[{"start":{"line":251,"column":23},"end":{"line":251,"column":33}},{"start":{"line":251,"column":37},"end":{"line":251,"column":61}}]},"16":{"loc":{"start":{"line":252,"column":2},"end":{"line":252,"column":55}},"type":"if","locations":[{"start":{"line":252,"column":2},"end":{"line":252,"column":55}}]},"17":{"loc":{"start":{"line":257,"column":6},"end":{"line":260,"column":7}},"type":"if","locations":[{"start":{"line":257,"column":6},"end":{"line":260,"column":7}}]},"18":{"loc":{"start":{"line":263,"column":8},"end":{"line":270,"column":9}},"type":"if","locations":[{"start":{"line":263,"column":8},"end":{"line":270,"column":9}}]},"19":{"loc":{"start":{"line":264,"column":10},"end":{"line":265,"column":54}},"type":"binary-expr","locations":[{"start":{"line":264,"column":10},"end":{"line":264,"column":31}},{"start":{"line":265,"column":10},"end":{"line":265,"column":54}}]}},"s":{"0":9,"1":9,"2":9,"3":9,"4":9,"5":9,"6":9,"7":9,"8":9,"9":0,"10":0,"11":0,"12":0,"13":0,"14":0,"15":0,"16":0,"17":0,"18":0,"19":0,"20":0,"21":0,"22":0,"23":0,"24":0,"25":0,"26":0,"27":0,"28":9,"29":19,"30":19,"31":19,"32":5,"33":14,"34":14,"35":14,"36":6,"37":8,"38":8,"39":8,"40":8,"41":8,"42":8,"43":8,"44":8,"45":8,"46":0,"47":0,"48":9,"49":19,"50":19,"51":19,"52":0,"53":19,"54":19,"55":19,"56":9,"57":28,"58":28,"59":6,"60":22,"61":22,"62":22,"63":22,"64":5,"65":17,"66":17,"67":6,"68":11,"69":11,"70":0,"71":0,"72":9,"73":15,"74":15,"75":15,"76":5,"77":10,"78":10,"79":10,"80":5,"81":5,"82":5,"83":5,"84":5,"85":1,"86":1,"87":1,"88":4,"89":5,"90":4,"91":4,"92":0,"93":9,"94":25,"95":25,"96":25,"97":5,"98":20,"99":20,"100":0,"101":0,"102":20,"103":20,"104":20,"105":10,"106":10,"107":10,"108":10,"109":10,"110":10,"111":15,"112":10,"113":10,"114":10,"115":0,"116":9},"f":{"0":0,"1":19,"2":19,"3":28,"4":15,"5":10,"6":5,"7":25,"8":20,"9":15},"b":{"0":[0],"1":[0],"2":[5],"3":[19,19,14,14,14,14,14],"4":[6],"5":[0,19],"6":[6],"7":[28,22],"8":[5],"9":[6],"10":[15,10],"11":[5],"12":[5],"13":[1,4],"14":[5,5],"15":[25,20],"16":[5],"17":[0],"18":[10],"19":[20,20]}}
,"C:\\Users\\dolev\\OneDrive - cs.colman.ac.il\\EatWell-Back\\backend\\controllers\\base_controller.ts": {"path":"C:\\Users\\dolev\\OneDrive - cs.colman.ac.il\\EatWell-Back\\backend\\controllers\\base_controller.ts","statementMap":{"0":{"start":{"line":8,"column":4},"end":{"line":8,"column":45}},"1":{"start":{"line":9,"column":4},"end":{"line":9,"column":39}},"2":{"start":{"line":10,"column":4},"end":{"line":10,"column":23}},"3":{"start":{"line":16,"column":4},"end":{"line":23,"column":5}},"4":{"start":{"line":17,"column":20},"end":{"line":17,"column":66}},"5":{"start":{"line":18,"column":20},"end":{"line":18,"column":48}},"6":{"start":{"line":19,"column":6},"end":{"line":19,"column":22}},"7":{"start":{"line":21,"column":6},"end":{"line":21,"column":25}},"8":{"start":{"line":22,"column":6},"end":{"line":22,"column":65}},"9":{"start":{"line":27,"column":4},"end":{"line":37,"column":5}},"10":{"start":{"line":28,"column":19},"end":{"line":28,"column":59}},"11":{"start":{"line":29,"column":6},"end":{"line":32,"column":7}},"12":{"start":{"line":30,"column":8},"end":{"line":30,"column":55}},"13":{"start":{"line":31,"column":8},"end":{"line":31,"column":15}},"14":{"start":{"line":33,"column":6},"end":{"line":33,"column":33}},"15":{"start":{"line":35,"column":6},"end":{"line":35,"column":25}},"16":{"start":{"line":36,"column":6},"end":{"line":36,"column":65}},"17":{"start":{"line":41,"column":4},"end":{"line":49,"column":5}},"18":{"start":{"line":42,"column":18},"end":{"line":42,"column":51}},"19":{"start":{"line":43,"column":6},"end":{"line":45,"column":7}},"20":{"start":{"line":44,"column":8},"end":{"line":44,"column":34}},"21":{"start":{"line":47,"column":6},"end":{"line":47,"column":33}},"22":{"start":{"line":48,"column":6},"end":{"line":48,"column":65}},"23":{"start":{"line":53,"column":22},"end":{"line":53,"column":42}},"24":{"start":{"line":54,"column":4},"end":{"line":73,"column":5}},"25":{"start":{"line":55,"column":6},"end":{"line":59,"column":7}},"26":{"start":{"line":56,"column":8},"end":{"line":58,"column":9}},"27":{"start":{"line":57,"column":10},"end":{"line":57,"column":47}},"28":{"start":{"line":60,"column":26},"end":{"line":63,"column":null}},"29":{"start":{"line":65,"column":6},"end":{"line":68,"column":7}},"30":{"start":{"line":66,"column":8},"end":{"line":66,"column":55}},"31":{"start":{"line":67,"column":8},"end":{"line":67,"column":15}},"32":{"start":{"line":69,"column":6},"end":{"line":69,"column":40}},"33":{"start":{"line":71,"column":6},"end":{"line":71,"column":25}},"34":{"start":{"line":72,"column":6},"end":{"line":72,"column":65}},"35":{"start":{"line":77,"column":4},"end":{"line":87,"column":5}},"36":{"start":{"line":78,"column":26},"end":{"line":78,"column":75}},"37":{"start":{"line":79,"column":6},"end":{"line":82,"column":7}},"38":{"start":{"line":80,"column":8},"end":{"line":80,"column":55}},"39":{"start":{"line":81,"column":8},"end":{"line":81,"column":15}},"40":{"start":{"line":83,"column":6},"end":{"line":83,"column":64}},"41":{"start":{"line":85,"column":6},"end":{"line":85,"column":25}},"42":{"start":{"line":86,"column":6},"end":{"line":86,"column":65}},"43":{"start":{"line":4,"column":0},"end":{"line":4,"column":13}},"44":{"start":{"line":91,"column":25},"end":{"line":95,"column":1}},"45":{"start":{"line":94,"column":2},"end":{"line":94,"column":46}},"46":{"start":{"line":97,"column":0},"end":{"line":97,"column":32}}},"fnMap":{"0":{"name":"(anonymous_0)","decl":{"start":{"line":7,"column":2},"end":{"line":7,"column":14}},"loc":{"start":{"line":7,"column":37},"end":{"line":11,"column":3}}},"1":{"name":"(anonymous_1)","decl":{"start":{"line":15,"column":2},"end":{"line":15,"column":7}},"loc":{"start":{"line":15,"column":39},"end":{"line":24,"column":3}}},"2":{"name":"(anonymous_2)","decl":{"start":{"line":26,"column":2},"end":{"line":26,"column":7}},"loc":{"start":{"line":26,"column":43},"end":{"line":38,"column":3}}},"3":{"name":"(anonymous_3)","decl":{"start":{"line":40,"column":2},"end":{"line":40,"column":7}},"loc":{"start":{"line":40,"column":40},"end":{"line":50,"column":3}}},"4":{"name":"(anonymous_4)","decl":{"start":{"line":52,"column":2},"end":{"line":52,"column":7}},"loc":{"start":{"line":52,"column":43},"end":{"line":74,"column":3}}},"5":{"name":"(anonymous_5)","decl":{"start":{"line":76,"column":2},"end":{"line":76,"column":7}},"loc":{"start":{"line":76,"column":46},"end":{"line":88,"column":3}}},"6":{"name":"(anonymous_6)","decl":{"start":{"line":91,"column":25},"end":{"line":91,"column":37}},"loc":{"start":{"line":91,"column":64},"end":{"line":95,"column":1}}}},"branchMap":{"0":{"loc":{"start":{"line":17,"column":20},"end":{"line":17,"column":66}},"type":"cond-expr","locations":[{"start":{"line":17,"column":37},"end":{"line":17,"column":61}},{"start":{"line":17,"column":64},"end":{"line":17,"column":66}}]},"1":{"loc":{"start":{"line":29,"column":6},"end":{"line":32,"column":7}},"type":"if","locations":[{"start":{"line":29,"column":6},"end":{"line":32,"column":7}}]},"2":{"loc":{"start":{"line":43,"column":6},"end":{"line":45,"column":7}},"type":"if","locations":[{"start":{"line":43,"column":6},"end":{"line":45,"column":7}}]},"3":{"loc":{"start":{"line":55,"column":6},"end":{"line":59,"column":7}},"type":"if","locations":[{"start":{"line":55,"column":6},"end":{"line":59,"column":7}}]},"4":{"loc":{"start":{"line":56,"column":8},"end":{"line":58,"column":9}},"type":"if","locations":[{"start":{"line":56,"column":8},"end":{"line":58,"column":9}}]},"5":{"loc":{"start":{"line":65,"column":6},"end":{"line":68,"column":7}},"type":"if","locations":[{"start":{"line":65,"column":6},"end":{"line":68,"column":7}}]},"6":{"loc":{"start":{"line":79,"column":6},"end":{"line":82,"column":7}},"type":"if","locations":[{"start":{"line":79,"column":6},"end":{"line":82,"column":7}}]}},"s":{"0":18,"1":18,"2":18,"3":2,"4":2,"5":2,"6":2,"7":0,"8":0,"9":0,"10":0,"11":0,"12":0,"13":0,"14":0,"15":0,"16":0,"17":0,"18":0,"19":0,"20":0,"21":0,"22":0,"23":0,"24":0,"25":0,"26":0,"27":0,"28":0,"29":0,"30":0,"31":0,"32":0,"33":0,"34":0,"35":0,"36":0,"37":0,"38":0,"39":0,"40":0,"41":0,"42":0,"43":9,"44":9,"45":0,"46":9},"f":{"0":18,"1":2,"2":0,"3":0,"4":0,"5":0,"6":0},"b":{"0":[0,2],"1":[0],"2":[0],"3":[0],"4":[0],"5":[0],"6":[0]}}
,"C:\\Users\\dolev\\OneDrive - cs.colman.ac.il\\EatWell-Back\\backend\\controllers\\userActivity_controller.ts": {"path":"C:\\Users\\dolev\\OneDrive - cs.colman.ac.il\\EatWell-Back\\backend\\controllers\\userActivity_controller.ts","statementMap":{"0":{"start":{"line":2,"column":0},"end":{"line":2,"column":51}},"1":{"start":{"line":3,"column":0},"end":{"line":3,"column":75}},"2":{"start":{"line":7,"column":4},"end":{"line":7,"column":24}},"3":{"start":{"line":11,"column":4},"end":{"line":33,"column":5}},"4":{"start":{"line":12,"column":33},"end":{"line":12,"column":41}},"5":{"start":{"line":14,"column":6},"end":{"line":16,"column":7}},"6":{"start":{"line":15,"column":8},"end":{"line":15,"column":84}},"7":{"start":{"line":18,"column":27},"end":{"line":18,"column":71}},"8":{"start":{"line":20,"column":6},"end":{"line":22,"column":7}},"9":{"start":{"line":21,"column":8},"end":{"line":21,"column":76}},"10":{"start":{"line":24,"column":6},"end":{"line":24,"column":42}},"11":{"start":{"line":25,"column":6},"end":{"line":25,"column":68}},"12":{"start":{"line":27,"column":6},"end":{"line":27,"column":32}},"13":{"start":{"line":29,"column":6},"end":{"line":29,"column":41}},"14":{"start":{"line":31,"column":6},"end":{"line":31,"column":25}},"15":{"start":{"line":32,"column":6},"end":{"line":32,"column":65}},"16":{"start":{"line":37,"column":4},"end":{"line":54,"column":5}},"17":{"start":{"line":38,"column":21},"end":{"line":38,"column":38}},"18":{"start":{"line":40,"column":6},"end":{"line":42,"column":7}},"19":{"start":{"line":41,"column":8},"end":{"line":41,"column":72}},"20":{"start":{"line":44,"column":27},"end":{"line":44,"column":71}},"21":{"start":{"line":46,"column":6},"end":{"line":48,"column":7}},"22":{"start":{"line":47,"column":8},"end":{"line":47,"column":76}},"23":{"start":{"line":50,"column":6},"end":{"line":50,"column":55}},"24":{"start":{"line":52,"column":6},"end":{"line":52,"column":25}},"25":{"start":{"line":53,"column":6},"end":{"line":53,"column":65}},"26":{"start":{"line":59,"column":4},"end":{"line":76,"column":5}},"27":{"start":{"line":60,"column":21},"end":{"line":60,"column":38}},"28":{"start":{"line":62,"column":6},"end":{"line":64,"column":7}},"29":{"start":{"line":63,"column":8},"end":{"line":63,"column":72}},"30":{"start":{"line":66,"column":27},"end":{"line":66,"column":71}},"31":{"start":{"line":68,"column":6},"end":{"line":70,"column":7}},"32":{"start":{"line":69,"column":8},"end":{"line":69,"column":76}},"33":{"start":{"line":72,"column":6},"end":{"line":72,"column":41}},"34":{"start":{"line":74,"column":6},"end":{"line":74,"column":25}},"35":{"start":{"line":75,"column":6},"end":{"line":75,"column":65}},"36":{"start":{"line":80,"column":4},"end":{"line":84,"column":5}},"37":{"start":{"line":81,"column":6},"end":{"line":81,"column":75}},"38":{"start":{"line":83,"column":6},"end":{"line":83,"column":75}},"39":{"start":{"line":88,"column":4},"end":{"line":99,"column":5}},"40":{"start":{"line":90,"column":8},"end":{"line":90,"column":25}},"41":{"start":{"line":92,"column":8},"end":{"line":92,"column":27}},"42":{"start":{"line":94,"column":8},"end":{"line":94,"column":26}},"43":{"start":{"line":96,"column":8},"end":{"line":96,"column":27}},"44":{"start":{"line":98,"column":8},"end":{"line":98,"column":25}},"45":{"start":{"line":103,"column":4},"end":{"line":111,"column":5}},"46":{"start":{"line":105,"column":8},"end":{"line":105,"column":30}},"47":{"start":{"line":107,"column":8},"end":{"line":107,"column":30}},"48":{"start":{"line":110,"column":8},"end":{"line":110,"column":24}},"49":{"start":{"line":122,"column":16},"end":{"line":122,"column":69}},"50":{"start":{"line":123,"column":31},"end":{"line":123,"column":80}},"51":{"start":{"line":124,"column":31},"end":{"line":124,"column":78}},"52":{"start":{"line":125,"column":4},"end":{"line":125,"column":44}},"53":{"start":{"line":135,"column":0},"end":{"line":135,"column":44}}},"fnMap":{"0":{"name":"(anonymous_1)","decl":{"start":{"line":6,"column":2},"end":{"line":6,"column":null}},"loc":{"start":{"line":6,"column":2},"end":{"line":8,"column":3}}},"1":{"name":"(anonymous_2)","decl":{"start":{"line":10,"column":2},"end":{"line":10,"column":7}},"loc":{"start":{"line":10,"column":48},"end":{"line":34,"column":3}}},"2":{"name":"(anonymous_3)","decl":{"start":{"line":36,"column":2},"end":{"line":36,"column":7}},"loc":{"start":{"line":36,"column":52},"end":{"line":55,"column":3}}},"3":{"name":"(anonymous_4)","decl":{"start":{"line":58,"column":2},"end":{"line":58,"column":7}},"loc":{"start":{"line":58,"column":51},"end":{"line":77,"column":3}}},"4":{"name":"(anonymous_5)","decl":{"start":{"line":79,"column":2},"end":{"line":79,"column":14}},"loc":{"start":{"line":79,"column":74},"end":{"line":85,"column":3}}},"5":{"name":"(anonymous_6)","decl":{"start":{"line":87,"column":2},"end":{"line":87,"column":24}},"loc":{"start":{"line":87,"column":59},"end":{"line":100,"column":3}}},"6":{"name":"(anonymous_7)","decl":{"start":{"line":102,"column":3},"end":{"line":102,"column":16}},"loc":{"start":{"line":102,"column":47},"end":{"line":112,"column":3}}},"7":{"name":"(anonymous_8)","decl":{"start":{"line":114,"column":3},"end":{"line":114,"column":31}},"loc":{"start":{"line":120,"column":16},"end":{"line":126,"column":3}}}},"branchMap":{"0":{"loc":{"start":{"line":14,"column":6},"end":{"line":16,"column":7}},"type":"if","locations":[{"start":{"line":14,"column":6},"end":{"line":16,"column":7}}]},"1":{"loc":{"start":{"line":14,"column":10},"end":{"line":14,"column":28}},"type":"binary-expr","locations":[{"start":{"line":14,"column":10},"end":{"line":14,"column":17}},{"start":{"line":14,"column":21},"end":{"line":14,"column":28}}]},"2":{"loc":{"start":{"line":20,"column":6},"end":{"line":22,"column":7}},"type":"if","locations":[{"start":{"line":20,"column":6},"end":{"line":22,"column":7}}]},"3":{"loc":{"start":{"line":40,"column":6},"end":{"line":42,"column":7}},"type":"if","locations":[{"start":{"line":40,"column":6},"end":{"line":42,"column":7}}]},"4":{"loc":{"start":{"line":46,"column":6},"end":{"line":48,"column":7}},"type":"if","locations":[{"start":{"line":46,"column":6},"end":{"line":48,"column":7}}]},"5":{"loc":{"start":{"line":62,"column":6},"end":{"line":64,"column":7}},"type":"if","locations":[{"start":{"line":62,"column":6},"end":{"line":64,"column":7}}]},"6":{"loc":{"start":{"line":68,"column":6},"end":{"line":70,"column":7}},"type":"if","locations":[{"start":{"line":68,"column":6},"end":{"line":70,"column":7}}]},"7":{"loc":{"start":{"line":80,"column":4},"end":{"line":84,"column":5}},"type":"if","locations":[{"start":{"line":80,"column":4},"end":{"line":84,"column":5}},{"start":{"line":82,"column":11},"end":{"line":84,"column":5}}]},"8":{"loc":{"start":{"line":88,"column":4},"end":{"line":99,"column":5}},"type":"switch","locations":[{"start":{"line":89,"column":6},"end":{"line":90,"column":25}},{"start":{"line":91,"column":6},"end":{"line":92,"column":27}},{"start":{"line":93,"column":6},"end":{"line":94,"column":26}},{"start":{"line":95,"column":6},"end":{"line":96,"column":27}},{"start":{"line":97,"column":6},"end":{"line":98,"column":25}}]},"9":{"loc":{"start":{"line":103,"column":4},"end":{"line":111,"column":5}},"type":"switch","locations":[{"start":{"line":104,"column":6},"end":{"line":105,"column":30}},{"start":{"line":106,"column":6},"end":{"line":107,"column":30}},{"start":{"line":108,"column":6},"end":{"line":108,"column":22}},{"start":{"line":109,"column":6},"end":{"line":110,"column":24}}]}},"s":{"0":9,"1":9,"2":9,"3":1,"4":1,"5":1,"6":0,"7":1,"8":1,"9":0,"10":1,"11":1,"12":1,"13":1,"14":0,"15":0,"16":0,"17":0,"18":0,"19":0,"20":0,"21":0,"22":0,"23":0,"24":0,"25":0,"26":0,"27":0,"28":0,"29":0,"30":0,"31":0,"32":0,"33":0,"34":0,"35":0,"36":8,"37":5,"38":3,"39":8,"40":8,"41":0,"42":0,"43":0,"44":0,"45":8,"46":8,"47":0,"48":0,"49":8,"50":8,"51":8,"52":8,"53":9},"f":{"0":9,"1":1,"2":0,"3":0,"4":8,"5":8,"6":8,"7":8},"b":{"0":[0],"1":[1,1],"2":[0],"3":[0],"4":[0],"5":[0],"6":[0],"7":[5,3],"8":[8,0,0,0,0],"9":[8,0,0,0]}}
,"C:\\Users\\dolev\\OneDrive - cs.colman.ac.il\\EatWell-Back\\backend\\controllers\\user_controller.ts": {"path":"C:\\Users\\dolev\\OneDrive - cs.colman.ac.il\\EatWell-Back\\backend\\controllers\\user_controller.ts","statementMap":{"0":{"start":{"line":1,"column":0},"end":{"line":1,"column":51}},"1":{"start":{"line":3,"column":0},"end":{"line":3,"column":51}},"2":{"start":{"line":4,"column":0},"end":{"line":4,"column":28}},"3":{"start":{"line":5,"column":0},"end":{"line":5,"column":56}},"4":{"start":{"line":6,"column":0},"end":{"line":6,"column":31}},"5":{"start":{"line":10,"column":4},"end":{"line":10,"column":16}},"6":{"start":{"line":13,"column":4},"end":{"line":13,"column":38}},"7":{"start":{"line":14,"column":4},"end":{"line":14,"column":55}},"8":{"start":{"line":15,"column":4},"end":{"line":15,"column":54}},"9":{"start":{"line":16,"column":17},"end":{"line":16,"column":51}},"10":{"start":{"line":17,"column":4},"end":{"line":19,"column":5}},"11":{"start":{"line":18,"column":6},"end":{"line":18,"column":52}},"12":{"start":{"line":20,"column":4},"end":{"line":20,"column":48}},"13":{"start":{"line":21,"column":26},"end":{"line":23,"column":null}},"14":{"start":{"line":25,"column":4},"end":{"line":27,"column":5}},"15":{"start":{"line":26,"column":6},"end":{"line":26,"column":54}},"16":{"start":{"line":28,"column":4},"end":{"line":28,"column":65}},"17":{"start":{"line":29,"column":4},"end":{"line":29,"column":64}},"18":{"start":{"line":30,"column":4},"end":{"line":30,"column":22}},"19":{"start":{"line":31,"column":4},"end":{"line":31,"column":66}},"20":{"start":{"line":33,"column":4},"end":{"line":33,"column":71}},"21":{"start":{"line":37,"column":17},"end":{"line":37,"column":51}},"22":{"start":{"line":38,"column":4},"end":{"line":41,"column":5}},"23":{"start":{"line":39,"column":6},"end":{"line":39,"column":45}},"24":{"start":{"line":40,"column":6},"end":{"line":40,"column":13}},"25":{"start":{"line":42,"column":4},"end":{"line":42,"column":54}},"26":{"start":{"line":43,"column":4},"end":{"line":43,"column":48}},"27":{"start":{"line":44,"column":4},"end":{"line":44,"column":29}},"28":{"start":{"line":48,"column":4},"end":{"line":64,"column":5}},"29":{"start":{"line":49,"column":6},"end":{"line":49,"column":57}},"30":{"start":{"line":51,"column":19},"end":{"line":51,"column":53}},"31":{"start":{"line":52,"column":6},"end":{"line":54,"column":7}},"32":{"start":{"line":53,"column":8},"end":{"line":53,"column":54}},"33":{"start":{"line":55,"column":6},"end":{"line":55,"column":40}},"34":{"start":{"line":56,"column":6},"end":{"line":56,"column":58}},"35":{"start":{"line":58,"column":6},"end":{"line":58,"column":44}},"36":{"start":{"line":59,"column":6},"end":{"line":59,"column":24}},"37":{"start":{"line":60,"column":6},"end":{"line":63,"column":9}},"38":{"start":{"line":67,"column":24},"end":{"line":67,"column":64}},"39":{"start":{"line":69,"column":25},"end":{"line":69,"column":null}},"40":{"start":{"line":73,"column":6},"end":{"line":74,"column":42}},"41":{"start":{"line":76,"column":4},"end":{"line":79,"column":5}},"42":{"start":{"line":77,"column":6},"end":{"line":77,"column":45}},"43":{"start":{"line":78,"column":6},"end":{"line":78,"column":13}},"44":{"start":{"line":82,"column":21},"end":{"line":89,"column":6}},"45":{"start":{"line":91,"column":4},"end":{"line":91,"column":35}},"46":{"start":{"line":92,"column":4},"end":{"line":92,"column":11}},"47":{"start":{"line":95,"column":0},"end":{"line":95,"column":36}}},"fnMap":{"0":{"name":"(anonymous_1)","decl":{"start":{"line":9,"column":2},"end":{"line":9,"column":null}},"loc":{"start":{"line":9,"column":2},"end":{"line":11,"column":3}}},"1":{"name":"(anonymous_2)","decl":{"start":{"line":12,"column":2},"end":{"line":12,"column":7}},"loc":{"start":{"line":12,"column":50},"end":{"line":34,"column":3}}},"2":{"name":"(anonymous_3)","decl":{"start":{"line":36,"column":2},"end":{"line":36,"column":7}},"loc":{"start":{"line":36,"column":46},"end":{"line":45,"column":3}}},"3":{"name":"(anonymous_4)","decl":{"start":{"line":47,"column":2},"end":{"line":47,"column":7}},"loc":{"start":{"line":47,"column":56},"end":{"line":65,"column":3}}},"4":{"name":"(anonymous_5)","decl":{"start":{"line":66,"column":2},"end":{"line":66,"column":7}},"loc":{"start":{"line":66,"column":43},"end":{"line":93,"column":3}}}},"branchMap":{"0":{"loc":{"start":{"line":17,"column":4},"end":{"line":19,"column":5}},"type":"if","locations":[{"start":{"line":17,"column":4},"end":{"line":19,"column":5}}]},"1":{"loc":{"start":{"line":25,"column":4},"end":{"line":27,"column":5}},"type":"if","locations":[{"start":{"line":25,"column":4},"end":{"line":27,"column":5}}]},"2":{"loc":{"start":{"line":38,"column":4},"end":{"line":41,"column":5}},"type":"if","locations":[{"start":{"line":38,"column":4},"end":{"line":41,"column":5}}]},"3":{"loc":{"start":{"line":48,"column":4},"end":{"line":64,"column":5}},"type":"if","locations":[{"start":{"line":48,"column":4},"end":{"line":64,"column":5}},{"start":{"line":50,"column":11},"end":{"line":64,"column":5}}]},"4":{"loc":{"start":{"line":52,"column":6},"end":{"line":54,"column":7}},"type":"if","locations":[{"start":{"line":52,"column":6},"end":{"line":54,"column":7}}]},"5":{"loc":{"start":{"line":73,"column":6},"end":{"line":74,"column":42}},"type":"binary-expr","locations":[{"start":{"line":73,"column":7},"end":{"line":73,"column":52}},{"start":{"line":74,"column":7},"end":{"line":74,"column":41}}]},"6":{"loc":{"start":{"line":76,"column":4},"end":{"line":79,"column":5}},"type":"if","locations":[{"start":{"line":76,"column":4},"end":{"line":79,"column":5}}]}},"s":{"0":9,"1":9,"2":9,"3":9,"4":9,"5":9,"6":4,"7":4,"8":4,"9":4,"10":4,"11":1,"12":3,"13":3,"14":3,"15":2,"16":1,"17":1,"18":1,"19":1,"20":1,"21":2,"22":2,"23":1,"24":1,"25":1,"26":1,"27":1,"28":4,"29":2,"30":2,"31":2,"32":1,"33":1,"34":1,"35":1,"36":1,"37":1,"38":2,"39":2,"40":2,"41":2,"42":1,"43":1,"44":1,"45":1,"46":1,"47":9},"f":{"0":9,"1":4,"2":2,"3":4,"4":2},"b":{"0":[1],"1":[2],"2":[1],"3":[2,2],"4":[1],"5":[2,2],"6":[1]}}
,"C:\\Users\\dolev\\OneDrive - cs.colman.ac.il\\EatWell-Back\\backend\\middleware\\auth_middleware.ts": {"path":"C:\\Users\\dolev\\OneDrive - cs.colman.ac.il\\EatWell-Back\\backend\\middleware\\auth_middleware.ts","statementMap":{"0":{"start":{"line":2,"column":0},"end":{"line":2,"column":31}},"1":{"start":{"line":7,"column":23},"end":{"line":21,"column":1}},"2":{"start":{"line":12,"column":21},"end":{"line":12,"column":49}},"3":{"start":{"line":13,"column":2},"end":{"line":13,"column":63}},"4":{"start":{"line":13,"column":19},"end":{"line":13,"column":63}},"5":{"start":{"line":14,"column":16},"end":{"line":14,"column":54}},"6":{"start":{"line":15,"column":2},"end":{"line":15,"column":48}},"7":{"start":{"line":15,"column":21},"end":{"line":15,"column":48}},"8":{"start":{"line":16,"column":2},"end":{"line":20,"column":5}},"9":{"start":{"line":17,"column":4},"end":{"line":17,"column":65}},"10":{"start":{"line":17,"column":13},"end":{"line":17,"column":65}},"11":{"start":{"line":18,"column":4},"end":{"line":18,"column":39}},"12":{"start":{"line":19,"column":4},"end":{"line":19,"column":11}},"13":{"start":{"line":23,"column":0},"end":{"line":23,"column":30}}},"fnMap":{"0":{"name":"(anonymous_1)","decl":{"start":{"line":7,"column":23},"end":{"line":7,"column":null}},"loc":{"start":{"line":11,"column":4},"end":{"line":21,"column":1}}},"1":{"name":"(anonymous_2)","decl":{"start":{"line":16,"column":44},"end":{"line":16,"column":45}},"loc":{"start":{"line":16,"column":58},"end":{"line":20,"column":3}}}},"branchMap":{"0":{"loc":{"start":{"line":13,"column":2},"end":{"line":13,"column":63}},"type":"if","locations":[{"start":{"line":13,"column":2},"end":{"line":13,"column":63}}]},"1":{"loc":{"start":{"line":14,"column":16},"end":{"line":14,"column":54}},"type":"binary-expr","locations":[{"start":{"line":14,"column":16},"end":{"line":14,"column":26}},{"start":{"line":14,"column":30},"end":{"line":14,"column":54}}]},"2":{"loc":{"start":{"line":15,"column":2},"end":{"line":15,"column":48}},"type":"if","locations":[{"start":{"line":15,"column":2},"end":{"line":15,"column":48}}]},"3":{"loc":{"start":{"line":17,"column":4},"end":{"line":17,"column":65}},"type":"if","locations":[{"start":{"line":17,"column":4},"end":{"line":17,"column":65}}]}},"s":{"0":9,"1":9,"2":18,"3":18,"4":3,"5":15,"6":15,"7":0,"8":15,"9":15,"10":1,"11":14,"12":14,"13":9},"f":{"0":18,"1":15},"b":{"0":[3],"1":[15,15],"2":[0],"3":[1]}}
,"C:\\Users\\dolev\\OneDrive - cs.colman.ac.il\\EatWell-Back\\backend\\middleware\\edamam_middleware.ts": {"path":"C:\\Users\\dolev\\OneDrive - cs.colman.ac.il\\EatWell-Back\\backend\\middleware\\edamam_middleware.ts","statementMap":{"0":{"start":{"line":8,"column":25},"end":{"line":8,"column":50}},"1":{"start":{"line":9,"column":2},"end":{"line":9,"column":65}},"2":{"start":{"line":10,"column":2},"end":{"line":12,"column":3}},"3":{"start":{"line":11,"column":4},"end":{"line":11,"column":70}},"4":{"start":{"line":14,"column":19},"end":{"line":14,"column":45}},"5":{"start":{"line":15,"column":27},"end":{"line":17,"column":4}},"6":{"start":{"line":19,"column":2},"end":{"line":19,"column":30}},"7":{"start":{"line":21,"column":2},"end":{"line":21,"column":9}},"8":{"start":{"line":24,"column":0},"end":{"line":24,"column":38}}},"fnMap":{"0":{"name":"forwardToNutrition","decl":{"start":{"line":3,"column":15},"end":{"line":3,"column":33}},"loc":{"start":{"line":6,"column":20},"end":{"line":22,"column":1}}}},"branchMap":{"0":{"loc":{"start":{"line":10,"column":2},"end":{"line":12,"column":3}},"type":"if","locations":[{"start":{"line":10,"column":2},"end":{"line":12,"column":3}}]}},"s":{"0":1,"1":1,"2":1,"3":0,"4":1,"5":1,"6":1,"7":1,"8":9},"f":{"0":1},"b":{"0":[0]}}
,"C:\\Users\\dolev\\OneDrive - cs.colman.ac.il\\EatWell-Back\\backend\\middleware\\upload_middleware.ts": {"path":"C:\\Users\\dolev\\OneDrive - cs.colman.ac.il\\EatWell-Back\\backend\\middleware\\upload_middleware.ts","statementMap":{"0":{"start":{"line":1,"column":0},"end":{"line":1,"column":28}},"1":{"start":{"line":2,"column":0},"end":{"line":2,"column":24}},"2":{"start":{"line":3,"column":0},"end":{"line":3,"column":43}},"3":{"start":{"line":7,"column":16},"end":{"line":14,"column":2}},"4":{"start":{"line":9,"column":4},"end":{"line":9,"column":48}},"5":{"start":{"line":12,"column":4},"end":{"line":12,"column":59}},"6":{"start":{"line":16,"column":15},"end":{"line":36,"column":17}},"7":{"start":{"line":19,"column":32},"end":{"line":26,"column":6}},"8":{"start":{"line":28,"column":4},"end":{"line":34,"column":5}},"9":{"start":{"line":30,"column":6},"end":{"line":30,"column":21}},"10":{"start":{"line":33,"column":6},"end":{"line":33,"column":48}},"11":{"start":{"line":38,"column":25},"end":{"line":48,"column":1}},"12":{"start":{"line":39,"column":2},"end":{"line":47,"column":5}},"13":{"start":{"line":40,"column":4},"end":{"line":45,"column":5}},"14":{"start":{"line":41,"column":22},"end":{"line":41,"column":65}},"15":{"start":{"line":42,"column":6},"end":{"line":44,"column":61}},"16":{"start":{"line":43,"column":8},"end":{"line":43,"column":56}},"17":{"start":{"line":44,"column":13},"end":{"line":44,"column":61}},"18":{"start":{"line":46,"column":4},"end":{"line":46,"column":11}},"19":{"start":{"line":50,"column":0},"end":{"line":50,"column":32}}},"fnMap":{"0":{"name":"(anonymous_1)","decl":{"start":{"line":8,"column":15},"end":{"line":8,"column":16}},"loc":{"start":{"line":8,"column":73},"end":{"line":10,"column":3}}},"1":{"name":"(anonymous_2)","decl":{"start":{"line":11,"column":12},"end":{"line":11,"column":13}},"loc":{"start":{"line":11,"column":70},"end":{"line":13,"column":3}}},"2":{"name":"(anonymous_3)","decl":{"start":{"line":18,"column":14},"end":{"line":18,"column":15}},"loc":{"start":{"line":18,"column":72},"end":{"line":35,"column":3}}},"3":{"name":"(anonymous_4)","decl":{"start":{"line":38,"column":25},"end":{"line":38,"column":26}},"loc":{"start":{"line":38,"column":77},"end":{"line":48,"column":1}}},"4":{"name":"(anonymous_5)","decl":{"start":{"line":39,"column":19},"end":{"line":39,"column":20}},"loc":{"start":{"line":39,"column":43},"end":{"line":47,"column":3}}}},"branchMap":{"0":{"loc":{"start":{"line":28,"column":4},"end":{"line":34,"column":5}},"type":"if","locations":[{"start":{"line":28,"column":4},"end":{"line":34,"column":5}},{"start":{"line":31,"column":11},"end":{"line":34,"column":5}}]},"1":{"loc":{"start":{"line":40,"column":4},"end":{"line":45,"column":5}},"type":"if","locations":[{"start":{"line":40,"column":4},"end":{"line":45,"column":5}}]},"2":{"loc":{"start":{"line":41,"column":22},"end":{"line":41,"column":65}},"type":"cond-expr","locations":[{"start":{"line":41,"column":48},"end":{"line":41,"column":51}},{"start":{"line":41,"column":54},"end":{"line":41,"column":65}}]},"3":{"loc":{"start":{"line":42,"column":6},"end":{"line":44,"column":61}},"type":"if","locations":[{"start":{"line":42,"column":6},"end":{"line":44,"column":61}},{"start":{"line":44,"column":13},"end":{"line":44,"column":61}}]}},"s":{"0":9,"1":9,"2":9,"3":9,"4":3,"5":3,"6":9,"7":5,"8":5,"9":3,"10":2,"11":9,"12":7,"13":7,"14":2,"15":2,"16":2,"17":0,"18":5,"19":9},"f":{"0":3,"1":3,"2":5,"3":7,"4":7},"b":{"0":[3,2],"1":[2],"2":[0,2],"3":[2,0]}}
,"C:\\Users\\dolev\\OneDrive - cs.colman.ac.il\\EatWell-Back\\backend\\middleware\\validPicture_middleware.ts": {"path":"C:\\Users\\dolev\\OneDrive - cs.colman.ac.il\\EatWell-Back\\backend\\middleware\\validPicture_middleware.ts","statementMap":{"0":{"start":{"line":1,"column":0},"end":{"line":1,"column":20}},"1":{"start":{"line":2,"column":0},"end":{"line":2,"column":24}},"2":{"start":{"line":7,"column":2},"end":{"line":32,"column":3}},"3":{"start":{"line":8,"column":24},"end":{"line":8,"column":54}},"4":{"start":{"line":11,"column":4},"end":{"line":15,"column":5}},"5":{"start":{"line":12,"column":6},"end":{"line":14,"column":7}},"6":{"start":{"line":13,"column":8},"end":{"line":13,"column":59}},"7":{"start":{"line":18,"column":33},"end":{"line":25,"column":6}},"8":{"start":{"line":26,"column":22},"end":{"line":26,"column":61}},"9":{"start":{"line":27,"column":4},"end":{"line":29,"column":5}},"10":{"start":{"line":28,"column":6},"end":{"line":28,"column":55}},"11":{"start":{"line":33,"column":2},"end":{"line":33,"column":9}},"12":{"start":{"line":36,"column":0},"end":{"line":36,"column":31}}},"fnMap":{"0":{"name":"validatePicture","decl":{"start":{"line":5,"column":9},"end":{"line":5,"column":24}},"loc":{"start":{"line":5,"column":72},"end":{"line":34,"column":1}}}},"branchMap":{"0":{"loc":{"start":{"line":7,"column":2},"end":{"line":32,"column":3}},"type":"if","locations":[{"start":{"line":7,"column":2},"end":{"line":32,"column":3}}]},"1":{"loc":{"start":{"line":8,"column":24},"end":{"line":8,"column":54}},"type":"binary-expr","locations":[{"start":{"line":8,"column":24},"end":{"line":8,"column":37}},{"start":{"line":8,"column":41},"end":{"line":8,"column":54}}]},"2":{"loc":{"start":{"line":11,"column":4},"end":{"line":15,"column":5}},"type":"if","locations":[{"start":{"line":11,"column":4},"end":{"line":15,"column":5}}]},"3":{"loc":{"start":{"line":12,"column":6},"end":{"line":14,"column":7}},"type":"if","locations":[{"start":{"line":12,"column":6},"end":{"line":14,"column":7}}]},"4":{"loc":{"start":{"line":27,"column":4},"end":{"line":29,"column":5}},"type":"if","locations":[{"start":{"line":27,"column":4},"end":{"line":29,"column":5}}]}},"s":{"0":9,"1":9,"2":5,"3":3,"4":3,"5":3,"6":0,"7":3,"8":3,"9":3,"10":0,"11":5,"12":9},"f":{"0":5},"b":{"0":[3],"1":[3,0],"2":[3],"3":[0],"4":[0]}}
,"C:\\Users\\dolev\\OneDrive - cs.colman.ac.il\\EatWell-Back\\backend\\models\\userActivity_model.ts": {"path":"C:\\Users\\dolev\\OneDrive - cs.colman.ac.il\\EatWell-Back\\backend\\models\\userActivity_model.ts","statementMap":{"0":{"start":{"line":1,"column":0},"end":{"line":1,"column":51}},"1":{"start":{"line":35,"column":27},"end":{"line":55,"column":2}},"2":{"start":{"line":57,"column":26},"end":{"line":59,"column":null}},"3":{"start":{"line":62,"column":0},"end":{"line":62,"column":33}}},"fnMap":{},"branchMap":{},"s":{"0":9,"1":9,"2":9,"3":9},"f":{},"b":{}}
,"C:\\Users\\dolev\\OneDrive - cs.colman.ac.il\\EatWell-Back\\backend\\models\\user_model.ts": {"path":"C:\\Users\\dolev\\OneDrive - cs.colman.ac.il\\EatWell-Back\\backend\\models\\user_model.ts","statementMap":{"0":{"start":{"line":1,"column":0},"end":{"line":1,"column":51}},"1":{"start":{"line":14,"column":19},"end":{"line":44,"column":2}},"2":{"start":{"line":46,"column":18},"end":{"line":46,"column":50}},"3":{"start":{"line":48,"column":0},"end":{"line":48,"column":25}}},"fnMap":{},"branchMap":{},"s":{"0":9,"1":9,"2":9,"3":9},"f":{},"b":{}}
,"C:\\Users\\dolev\\OneDrive - cs.colman.ac.il\\EatWell-Back\\backend\\routes\\auth_route.ts": {"path":"C:\\Users\\dolev\\OneDrive - cs.colman.ac.il\\EatWell-Back\\backend\\routes\\auth_route.ts","statementMap":{"0":{"start":{"line":1,"column":0},"end":{"line":1,"column":30}},"1":{"start":{"line":2,"column":15},"end":{"line":2,"column":31}},"2":{"start":{"line":3,"column":0},"end":{"line":3,"column":60}},"3":{"start":{"line":4,"column":0},"end":{"line":4,"column":63}},"4":{"start":{"line":131,"column":0},"end":{"line":131,"column":50}},"5":{"start":{"line":166,"column":0},"end":{"line":166,"column":70}},"6":{"start":{"line":195,"column":0},"end":{"line":195,"column":44}},"7":{"start":{"line":216,"column":0},"end":{"line":216,"column":45}},"8":{"start":{"line":238,"column":0},"end":{"line":238,"column":47}},"9":{"start":{"line":242,"column":0},"end":{"line":242,"column":22}}},"fnMap":{},"branchMap":{},"s":{"0":9,"1":9,"2":9,"3":9,"4":9,"5":9,"6":9,"7":9,"8":9,"9":9},"f":{},"b":{}}
,"C:\\Users\\dolev\\OneDrive - cs.colman.ac.il\\EatWell-Back\\backend\\routes\\edamam_route.ts": {"path":"C:\\Users\\dolev\\OneDrive - cs.colman.ac.il\\EatWell-Back\\backend\\routes\\edamam_route.ts","statementMap":{"0":{"start":{"line":1,"column":0},"end":{"line":1,"column":30}},"1":{"start":{"line":2,"column":0},"end":{"line":2,"column":70}},"2":{"start":{"line":3,"column":15},"end":{"line":3,"column":31}},"3":{"start":{"line":5,"column":0},"end":{"line":5,"column":50}},"4":{"start":{"line":6,"column":0},"end":{"line":6,"column":42}},"5":{"start":{"line":9,"column":0},"end":{"line":9,"column":22}}},"fnMap":{},"branchMap":{},"s":{"0":9,"1":9,"2":9,"3":9,"4":9,"5":9},"f":{},"b":{}}
,"C:\\Users\\dolev\\OneDrive - cs.colman.ac.il\\EatWell-Back\\backend\\routes\\files_route.ts": {"path":"C:\\Users\\dolev\\OneDrive - cs.colman.ac.il\\EatWell-Back\\backend\\routes\\files_route.ts","statementMap":{"0":{"start":{"line":1,"column":0},"end":{"line":1,"column":30}},"1":{"start":{"line":2,"column":0},"end":{"line":2,"column":68}},"2":{"start":{"line":3,"column":0},"end":{"line":3,"column":53}},"3":{"start":{"line":4,"column":15},"end":{"line":4,"column":31}},"4":{"start":{"line":5,"column":13},"end":{"line":5,"column":36}},"5":{"start":{"line":52,"column":0},"end":{"line":61,"column":3}},"6":{"start":{"line":53,"column":2},"end":{"line":53,"column":29}},"7":{"start":{"line":54,"column":2},"end":{"line":60,"column":3}},"8":{"start":{"line":55,"column":4},"end":{"line":55,"column":56}},"9":{"start":{"line":56,"column":4},"end":{"line":56,"column":11}},"10":{"start":{"line":58,"column":4},"end":{"line":58,"column":79}},"11":{"start":{"line":59,"column":4},"end":{"line":59,"column":73}},"12":{"start":{"line":63,"column":0},"end":{"line":63,"column":22}}},"fnMap":{"0":{"name":"(anonymous_1)","decl":{"start":{"line":52,"column":42},"end":{"line":52,"column":43}},"loc":{"start":{"line":52,"column":55},"end":{"line":61,"column":1}}}},"branchMap":{"0":{"loc":{"start":{"line":54,"column":2},"end":{"line":60,"column":3}},"type":"if","locations":[{"start":{"line":54,"column":2},"end":{"line":60,"column":3}},{"start":{"line":57,"column":9},"end":{"line":60,"column":3}}]}},"s":{"0":9,"1":9,"2":9,"3":9,"4":9,"5":9,"6":1,"7":1,"8":0,"9":0,"10":1,"11":1,"12":9},"f":{"0":1},"b":{"0":[0,1]}}
,"C:\\Users\\dolev\\OneDrive - cs.colman.ac.il\\EatWell-Back\\backend\\routes\\middleware_route.ts": {"path":"C:\\Users\\dolev\\OneDrive - cs.colman.ac.il\\EatWell-Back\\backend\\routes\\middleware_route.ts","statementMap":{"0":{"start":{"line":2,"column":0},"end":{"line":2,"column":30}},"1":{"start":{"line":3,"column":0},"end":{"line":3,"column":40}},"2":{"start":{"line":4,"column":0},"end":{"line":4,"column":57}},"3":{"start":{"line":5,"column":0},"end":{"line":5,"column":49}},"4":{"start":{"line":7,"column":15},"end":{"line":7,"column":31}},"5":{"start":{"line":9,"column":0},"end":{"line":9,"column":119}},"6":{"start":{"line":11,"column":0},"end":{"line":11,"column":22}}},"fnMap":{},"branchMap":{},"s":{"0":9,"1":9,"2":9,"3":9,"4":9,"5":9,"6":9},"f":{},"b":{}}
,"C:\\Users\\dolev\\OneDrive - cs.colman.ac.il\\EatWell-Back\\backend\\routes\\openai_route.ts": {"path":"C:\\Users\\dolev\\OneDrive - cs.colman.ac.il\\EatWell-Back\\backend\\routes\\openai_route.ts","statementMap":{"0":{"start":{"line":1,"column":0},"end":{"line":1,"column":30}},"1":{"start":{"line":2,"column":0},"end":{"line":2,"column":47}},"2":{"start":{"line":3,"column":15},"end":{"line":3,"column":31}},"3":{"start":{"line":5,"column":0},"end":{"line":5,"column":55}},"4":{"start":{"line":7,"column":0},"end":{"line":7,"column":22}}},"fnMap":{},"branchMap":{},"s":{"0":9,"1":9,"2":9,"3":9,"4":9},"f":{},"b":{}}
,"C:\\Users\\dolev\\OneDrive - cs.colman.ac.il\\EatWell-Back\\backend\\routes\\userActivity_route.ts": {"path":"C:\\Users\\dolev\\OneDrive - cs.colman.ac.il\\EatWell-Back\\backend\\routes\\userActivity_route.ts","statementMap":{"0":{"start":{"line":1,"column":0},"end":{"line":1,"column":30}},"1":{"start":{"line":2,"column":0},"end":{"line":2,"column":76}},"2":{"start":{"line":4,"column":15},"end":{"line":4,"column":31}},"3":{"start":{"line":6,"column":0},"end":{"line":6,"column":94}},"4":{"start":{"line":7,"column":0},"end":{"line":7,"column":107}},"5":{"start":{"line":8,"column":0},"end":{"line":8,"column":73}},"6":{"start":{"line":9,"column":0},"end":{"line":9,"column":93}},"7":{"start":{"line":11,"column":0},"end":{"line":11,"column":22}}},"fnMap":{},"branchMap":{},"s":{"0":9,"1":9,"2":9,"3":9,"4":9,"5":9,"6":9,"7":9},"f":{},"b":{}}
,"C:\\Users\\dolev\\OneDrive - cs.colman.ac.il\\EatWell-Back\\backend\\routes\\user_route.ts": {"path":"C:\\Users\\dolev\\OneDrive - cs.colman.ac.il\\EatWell-Back\\backend\\routes\\user_route.ts","statementMap":{"0":{"start":{"line":1,"column":0},"end":{"line":1,"column":30}},"1":{"start":{"line":2,"column":15},"end":{"line":2,"column":31}},"2":{"start":{"line":3,"column":0},"end":{"line":3,"column":60}},"3":{"start":{"line":4,"column":0},"end":{"line":4,"column":57}},"4":{"start":{"line":5,"column":0},"end":{"line":5,"column":68}},"5":{"start":{"line":6,"column":0},"end":{"line":6,"column":63}},"6":{"start":{"line":76,"column":0},"end":{"line":80,"column":2}},"7":{"start":{"line":129,"column":0},"end":{"line":133,"column":2}},"8":{"start":{"line":181,"column":0},"end":{"line":187,"column":2}},"9":{"start":{"line":264,"column":0},"end":{"line":264,"column":74}},"10":{"start":{"line":295,"column":0},"end":{"line":295,"column":78}},"11":{"start":{"line":297,"column":0},"end":{"line":303,"column":2}},"12":{"start":{"line":305,"column":0},"end":{"line":305,"column":22}}},"fnMap":{},"branchMap":{},"s":{"0":9,"1":9,"2":9,"3":9,"4":9,"5":9,"6":9,"7":9,"8":9,"9":9,"10":9,"11":9,"12":9},"f":{},"b":{}}
,"C:\\Users\\dolev\\OneDrive - cs.colman.ac.il\\EatWell-Back\\backend\\services\\edamam.ts": {"path":"C:\\Users\\dolev\\OneDrive - cs.colman.ac.il\\EatWell-Back\\backend\\services\\edamam.ts","statementMap":{"0":{"start":{"line":1,"column":0},"end":{"line":1,"column":26}},"1":{"start":{"line":4,"column":25},"end":{"line":4,"column":35}},"2":{"start":{"line":5,"column":26},"end":{"line":5,"column":60}},"3":{"start":{"line":6,"column":27},"end":{"line":6,"column":73}},"4":{"start":{"line":7,"column":22},"end":{"line":7,"column":32}},"5":{"start":{"line":8,"column":23},"end":{"line":8,"column":57}},"6":{"start":{"line":9,"column":24},"end":{"line":9,"column":63}},"7":{"start":{"line":11,"column":25},"end":{"line":29,"column":1}},"8":{"start":{"line":12,"column":2},"end":{"line":28,"column":3}},"9":{"start":{"line":13,"column":19},"end":{"line":16,"column":6}},"10":{"start":{"line":18,"column":17},"end":{"line":21,"column":6}},"11":{"start":{"line":23,"column":21},"end":{"line":23,"column":75}},"12":{"start":{"line":24,"column":4},"end":{"line":24,"column":25}},"13":{"start":{"line":26,"column":4},"end":{"line":26,"column":52}},"14":{"start":{"line":27,"column":4},"end":{"line":27,"column":16}},"15":{"start":{"line":31,"column":34},"end":{"line":44,"column":1}},"16":{"start":{"line":32,"column":26},"end":{"line":32,"column":34}},"17":{"start":{"line":34,"column":2},"end":{"line":36,"column":3}},"18":{"start":{"line":35,"column":4},"end":{"line":35,"column":68}},"19":{"start":{"line":38,"column":2},"end":{"line":43,"column":3}},"20":{"start":{"line":39,"column":26},"end":{"line":39,"column":61}},"21":{"start":{"line":40,"column":4},"end":{"line":40,"column":45}},"22":{"start":{"line":42,"column":4},"end":{"line":42,"column":70}},"23":{"start":{"line":31,"column":13},"end":{"line":31,"column":34}},"24":{"start":{"line":46,"column":19},"end":{"line":60,"column":1}},"25":{"start":{"line":47,"column":2},"end":{"line":59,"column":3}},"26":{"start":{"line":48,"column":19},"end":{"line":53,"column":6}},"27":{"start":{"line":54,"column":21},"end":{"line":54,"column":65}},"28":{"start":{"line":55,"column":4},"end":{"line":55,"column":25}},"29":{"start":{"line":57,"column":4},"end":{"line":57,"column":52}},"30":{"start":{"line":58,"column":4},"end":{"line":58,"column":16}},"31":{"start":{"line":62,"column":28},"end":{"line":76,"column":1}},"32":{"start":{"line":63,"column":2},"end":{"line":63,"column":44}},"33":{"start":{"line":64,"column":20},"end":{"line":64,"column":28}},"34":{"start":{"line":65,"column":2},"end":{"line":65,"column":40}},"35":{"start":{"line":66,"column":2},"end":{"line":68,"column":3}},"36":{"start":{"line":67,"column":4},"end":{"line":67,"column":69}},"37":{"start":{"line":70,"column":2},"end":{"line":75,"column":3}},"38":{"start":{"line":71,"column":20},"end":{"line":71,"column":43}},"39":{"start":{"line":72,"column":4},"end":{"line":72,"column":22}},"40":{"start":{"line":74,"column":4},"end":{"line":74,"column":63}},"41":{"start":{"line":62,"column":13},"end":{"line":62,"column":28}},"42":{"start":{"line":78,"column":0},"end":{"line":78,"column":52}}},"fnMap":{"0":{"name":"(anonymous_1)","decl":{"start":{"line":11,"column":25},"end":{"line":11,"column":30}},"loc":{"start":{"line":11,"column":57},"end":{"line":29,"column":1}}},"1":{"name":"(anonymous_2)","decl":{"start":{"line":31,"column":34},"end":{"line":31,"column":39}},"loc":{"start":{"line":31,"column":72},"end":{"line":44,"column":1}}},"2":{"name":"(anonymous_3)","decl":{"start":{"line":46,"column":19},"end":{"line":46,"column":24}},"loc":{"start":{"line":46,"column":43},"end":{"line":60,"column":1}}},"3":{"name":"(anonymous_4)","decl":{"start":{"line":62,"column":28},"end":{"line":62,"column":33}},"loc":{"start":{"line":62,"column":66},"end":{"line":76,"column":1}}}},"branchMap":{"0":{"loc":{"start":{"line":34,"column":2},"end":{"line":36,"column":3}},"type":"if","locations":[{"start":{"line":34,"column":2},"end":{"line":36,"column":3}}]},"1":{"loc":{"start":{"line":66,"column":2},"end":{"line":68,"column":3}},"type":"if","locations":[{"start":{"line":66,"column":2},"end":{"line":68,"column":3}}]},"2":{"loc":{"start":{"line":66,"column":6},"end":{"line":66,"column":41}},"type":"binary-expr","locations":[{"start":{"line":66,"column":6},"end":{"line":66,"column":12}},{"start":{"line":66,"column":16},"end":{"line":66,"column":41}}]}},"s":{"0":9,"1":9,"2":9,"3":9,"4":9,"5":9,"6":9,"7":9,"8":3,"9":3,"10":3,"11":3,"12":3,"13":0,"14":0,"15":9,"16":3,"17":3,"18":0,"19":3,"20":3,"21":3,"22":0,"23":9,"24":9,"25":1,"26":1,"27":1,"28":1,"29":0,"30":0,"31":9,"32":1,"33":1,"34":1,"35":1,"36":0,"37":1,"38":1,"39":1,"40":0,"41":9,"42":9},"f":{"0":3,"1":3,"2":1,"3":1},"b":{"0":[0],"1":[0],"2":[1,1]}}
,"C:\\Users\\dolev\\OneDrive - cs.colman.ac.il\\EatWell-Back\\backend\\services\\openAI.ts": {"path":"C:\\Users\\dolev\\OneDrive - cs.colman.ac.il\\EatWell-Back\\backend\\services\\openAI.ts","statementMap":{"0":{"start":{"line":2,"column":0},"end":{"line":2,"column":28}},"1":{"start":{"line":3,"column":0},"end":{"line":3,"column":28}},"2":{"start":{"line":5,"column":0},"end":{"line":5,"column":16}},"3":{"start":{"line":7,"column":15},"end":{"line":9,"column":2}},"4":{"start":{"line":33,"column":19},"end":{"line":33,"column":61}},"5":{"start":{"line":34,"column":2},"end":{"line":34,"column":40}},"6":{"start":{"line":35,"column":30},"end":{"line":49,"column":4}},"7":{"start":{"line":53,"column":2},"end":{"line":65,"column":3}},"8":{"start":{"line":54,"column":21},"end":{"line":57,"column":6}},"9":{"start":{"line":58,"column":27},"end":{"line":58,"column":62}},"10":{"start":{"line":59,"column":4},"end":{"line":59,"column":53}},"11":{"start":{"line":60,"column":4},"end":{"line":60,"column":54}},"12":{"start":{"line":61,"column":4},"end":{"line":61,"column":11}},"13":{"start":{"line":63,"column":4},"end":{"line":63,"column":40}},"14":{"start":{"line":64,"column":4},"end":{"line":64,"column":51}},"15":{"start":{"line":68,"column":0},"end":{"line":68,"column":39}}},"fnMap":{"0":{"name":"fetchChatCompletion","decl":{"start":{"line":28,"column":15},"end":{"line":28,"column":34}},"loc":{"start":{"line":31,"column":20},"end":{"line":66,"column":1}}}},"branchMap":{"0":{"loc":{"start":{"line":33,"column":19},"end":{"line":33,"column":61}},"type":"binary-expr","locations":[{"start":{"line":33,"column":19},"end":{"line":33,"column":55}},{"start":{"line":33,"column":59},"end":{"line":33,"column":61}}]},"1":{"loc":{"start":{"line":59,"column":32},"end":{"line":59,"column":52}},"type":"binary-expr","locations":[{"start":{"line":59,"column":32},"end":{"line":59,"column":46}},{"start":{"line":59,"column":50},"end":{"line":59,"column":52}}]}},"s":{"0":9,"1":9,"2":9,"3":9,"4":1,"5":1,"6":1,"7":1,"8":1,"9":1,"10":1,"11":1,"12":1,"13":0,"14":0,"15":9},"f":{"0":1},"b":{"0":[1,0],"1":[1,0]}}
}
