{"C:\\Users\\dolev\\OneDrive\\שולחן העבודה\\college of managemant\\Programming languages\\פיתוח אפליקציות אפליקציות אינטרנטיות\\Social_Netwrok\\src\\app.ts": {"path":"C:\\Users\\dolev\\OneDrive\\שולחן העבודה\\college of managemant\\Programming languages\\פיתוח אפליקציות אפליקציות אינטרנטיות\\Social_Netwrok\\src\\app.ts","statementMap":{"0":{"start":{"line":1,"column":0},"end":{"line":1,"column":25}},"1":{"start":{"line":2,"column":0},"end":{"line":2,"column":13}},"2":{"start":{"line":3,"column":0},"end":{"line":3,"column":43}},"3":{"start":{"line":4,"column":0},"end":{"line":4,"column":32}},"4":{"start":{"line":5,"column":0},"end":{"line":5,"column":37}},"5":{"start":{"line":6,"column":0},"end":{"line":6,"column":44}},"6":{"start":{"line":7,"column":0},"end":{"line":7,"column":44}},"7":{"start":{"line":8,"column":0},"end":{"line":8,"column":44}},"8":{"start":{"line":9,"column":16},"end":{"line":26,"column":1}},"9":{"start":{"line":10,"column":18},"end":{"line":24,"column":4}},"10":{"start":{"line":11,"column":15},"end":{"line":11,"column":34}},"11":{"start":{"line":12,"column":4},"end":{"line":12,"column":64}},"12":{"start":{"line":12,"column":26},"end":{"line":12,"column":62}},"13":{"start":{"line":13,"column":4},"end":{"line":13,"column":52}},"14":{"start":{"line":13,"column":30},"end":{"line":13,"column":50}},"15":{"start":{"line":14,"column":16},"end":{"line":14,"column":34}},"16":{"start":{"line":15,"column":4},"end":{"line":23,"column":7}},"17":{"start":{"line":16,"column":18},"end":{"line":16,"column":27}},"18":{"start":{"line":17,"column":6},"end":{"line":17,"column":25}},"19":{"start":{"line":18,"column":6},"end":{"line":18,"column":33}},"20":{"start":{"line":19,"column":6},"end":{"line":19,"column":57}},"21":{"start":{"line":20,"column":6},"end":{"line":20,"column":25}},"22":{"start":{"line":21,"column":6},"end":{"line":21,"column":34}},"23":{"start":{"line":22,"column":6},"end":{"line":22,"column":19}},"24":{"start":{"line":25,"column":2},"end":{"line":25,"column":17}},"25":{"start":{"line":28,"column":0},"end":{"line":28,"column":23}}},"fnMap":{"0":{"name":"(anonymous_1)","decl":{"start":{"line":9,"column":16},"end":{"line":9,"column":37}},"loc":{"start":{"line":9,"column":39},"end":{"line":26,"column":1}}},"1":{"name":"(anonymous_2)","decl":{"start":{"line":10,"column":39},"end":{"line":10,"column":40}},"loc":{"start":{"line":10,"column":51},"end":{"line":24,"column":3}}},"2":{"name":"(anonymous_3)","decl":{"start":{"line":12,"column":20},"end":{"line":12,"column":23}},"loc":{"start":{"line":12,"column":26},"end":{"line":12,"column":62}}},"3":{"name":"(anonymous_4)","decl":{"start":{"line":13,"column":19},"end":{"line":13,"column":20}},"loc":{"start":{"line":13,"column":30},"end":{"line":13,"column":50}}},"4":{"name":"(anonymous_5)","decl":{"start":{"line":15,"column":32},"end":{"line":15,"column":35}},"loc":{"start":{"line":15,"column":37},"end":{"line":23,"column":5}}}},"branchMap":{},"s":{"0":1,"1":1,"2":1,"3":1,"4":1,"5":1,"6":1,"7":1,"8":1,"9":1,"10":1,"11":1,"12":1,"13":1,"14":0,"15":1,"16":1,"17":1,"18":1,"19":1,"20":1,"21":1,"22":1,"23":1,"24":1,"25":1},"f":{"0":1,"1":1,"2":1,"3":0,"4":1},"b":{}}
,"C:\\Users\\dolev\\OneDrive\\שולחן העבודה\\college of managemant\\Programming languages\\פיתוח אפליקציות אפליקציות אינטרנטיות\\Social_Netwrok\\src\\controllers\\auth_controller.ts": {"path":"C:\\Users\\dolev\\OneDrive\\שולחן העבודה\\college of managemant\\Programming languages\\פיתוח אפליקציות אפליקציות אינטרנטיות\\Social_Netwrok\\src\\controllers\\auth_controller.ts","statementMap":{"0":{"start":{"line":2,"column":0},"end":{"line":2,"column":40}},"1":{"start":{"line":3,"column":0},"end":{"line":3,"column":31}},"2":{"start":{"line":4,"column":0},"end":{"line":4,"column":28}},"3":{"start":{"line":6,"column":17},"end":{"line":28,"column":2}},"4":{"start":{"line":6,"column":55},"end":{"line":28,"column":2}},"5":{"start":{"line":7,"column":30},"end":{"line":7,"column":38}},"6":{"start":{"line":8,"column":2},"end":{"line":10,"column":3}},"7":{"start":{"line":9,"column":4},"end":{"line":9,"column":61}},"8":{"start":{"line":11,"column":2},"end":{"line":27,"column":3}},"9":{"start":{"line":12,"column":25},"end":{"line":12,"column":61}},"10":{"start":{"line":13,"column":4},"end":{"line":15,"column":5}},"11":{"start":{"line":14,"column":6},"end":{"line":14,"column":56}},"12":{"start":{"line":16,"column":17},"end":{"line":16,"column":41}},"13":{"start":{"line":17,"column":30},"end":{"line":17,"column":63}},"14":{"start":{"line":18,"column":20},"end":{"line":21,"column":6}},"15":{"start":{"line":22,"column":4},"end":{"line":22,"column":19}},"16":{"start":{"line":23,"column":4},"end":{"line":23,"column":41}},"17":{"start":{"line":25,"column":4},"end":{"line":25,"column":23}},"18":{"start":{"line":26,"column":4},"end":{"line":26,"column":61}},"19":{"start":{"line":30,"column":14},"end":{"line":66,"column":2}},"20":{"start":{"line":30,"column":52},"end":{"line":66,"column":2}},"21":{"start":{"line":31,"column":30},"end":{"line":31,"column":38}},"22":{"start":{"line":32,"column":2},"end":{"line":34,"column":3}},"23":{"start":{"line":33,"column":4},"end":{"line":33,"column":61}},"24":{"start":{"line":35,"column":2},"end":{"line":65,"column":3}},"25":{"start":{"line":36,"column":17},"end":{"line":36,"column":53}},"26":{"start":{"line":37,"column":4},"end":{"line":39,"column":5}},"27":{"start":{"line":38,"column":6},"end":{"line":38,"column":65}},"28":{"start":{"line":40,"column":18},"end":{"line":40,"column":63}},"29":{"start":{"line":41,"column":4},"end":{"line":43,"column":5}},"30":{"start":{"line":42,"column":6},"end":{"line":42,"column":65}},"31":{"start":{"line":45,"column":24},"end":{"line":47,"column":6}},"32":{"start":{"line":48,"column":25},"end":{"line":50,"column":null}},"33":{"start":{"line":52,"column":4},"end":{"line":56,"column":5}},"34":{"start":{"line":53,"column":6},"end":{"line":53,"column":42}},"35":{"start":{"line":55,"column":6},"end":{"line":55,"column":44}},"36":{"start":{"line":57,"column":4},"end":{"line":57,"column":22}},"37":{"start":{"line":58,"column":4},"end":{"line":61,"column":7}},"38":{"start":{"line":63,"column":4},"end":{"line":63,"column":23}},"39":{"start":{"line":64,"column":4},"end":{"line":64,"column":61}},"40":{"start":{"line":68,"column":15},"end":{"line":99,"column":2}},"41":{"start":{"line":68,"column":53},"end":{"line":99,"column":2}},"42":{"start":{"line":69,"column":21},"end":{"line":69,"column":49}},"43":{"start":{"line":70,"column":23},"end":{"line":70,"column":61}},"44":{"start":{"line":71,"column":2},"end":{"line":71,"column":55}},"45":{"start":{"line":71,"column":28},"end":{"line":71,"column":55}},"46":{"start":{"line":72,"column":2},"end":{"line":98,"column":4}},"47":{"start":{"line":75,"column":41},"end":{"line":97,"column":null}},"48":{"start":{"line":76,"column":6},"end":{"line":76,"column":23}},"49":{"start":{"line":77,"column":6},"end":{"line":77,"column":42}},"50":{"start":{"line":77,"column":15},"end":{"line":77,"column":42}},"51":{"start":{"line":78,"column":6},"end":{"line":96,"column":7}},"52":{"start":{"line":79,"column":23},"end":{"line":79,"column":60}},"53":{"start":{"line":80,"column":8},"end":{"line":93,"column":9}},"54":{"start":{"line":84,"column":10},"end":{"line":84,"column":36}},"55":{"start":{"line":85,"column":10},"end":{"line":85,"column":30}},"56":{"start":{"line":86,"column":10},"end":{"line":86,"column":37}},"57":{"start":{"line":88,"column":10},"end":{"line":90,"column":12}},"58":{"start":{"line":89,"column":19},"end":{"line":89,"column":37}},"59":{"start":{"line":91,"column":10},"end":{"line":91,"column":30}},"60":{"start":{"line":92,"column":10},"end":{"line":92,"column":37}},"61":{"start":{"line":95,"column":8},"end":{"line":95,"column":46}},"62":{"start":{"line":101,"column":16},"end":{"line":146,"column":2}},"63":{"start":{"line":101,"column":54},"end":{"line":146,"column":2}},"64":{"start":{"line":102,"column":21},"end":{"line":102,"column":49}},"65":{"start":{"line":103,"column":23},"end":{"line":103,"column":61}},"66":{"start":{"line":104,"column":2},"end":{"line":104,"column":55}},"67":{"start":{"line":104,"column":28},"end":{"line":104,"column":55}},"68":{"start":{"line":105,"column":2},"end":{"line":145,"column":4}},"69":{"start":{"line":108,"column":41},"end":{"line":144,"column":null}},"70":{"start":{"line":109,"column":6},"end":{"line":112,"column":7}},"71":{"start":{"line":110,"column":8},"end":{"line":110,"column":25}},"72":{"start":{"line":111,"column":8},"end":{"line":111,"column":35}},"73":{"start":{"line":113,"column":6},"end":{"line":143,"column":7}},"74":{"start":{"line":114,"column":23},"end":{"line":114,"column":60}},"75":{"start":{"line":115,"column":8},"end":{"line":122,"column":9}},"76":{"start":{"line":119,"column":10},"end":{"line":119,"column":36}},"77":{"start":{"line":120,"column":10},"end":{"line":120,"column":30}},"78":{"start":{"line":121,"column":10},"end":{"line":121,"column":37}},"79":{"start":{"line":123,"column":28},"end":{"line":126,"column":null}},"80":{"start":{"line":128,"column":32},"end":{"line":130,"column":null}},"81":{"start":{"line":132,"column":8},"end":{"line":134,"column":10}},"82":{"start":{"line":133,"column":17},"end":{"line":133,"column":35}},"83":{"start":{"line":135,"column":8},"end":{"line":135,"column":51}},"84":{"start":{"line":136,"column":8},"end":{"line":136,"column":28}},"85":{"start":{"line":137,"column":8},"end":{"line":140,"column":11}},"86":{"start":{"line":142,"column":8},"end":{"line":142,"column":46}},"87":{"start":{"line":148,"column":0},"end":{"line":153,"column":2}}},"fnMap":{"0":{"name":"(anonymous_8)","decl":{"start":{"line":6,"column":17},"end":{"line":6,"column":24}},"loc":{"start":{"line":6,"column":55},"end":{"line":28,"column":2}}},"1":{"name":"(anonymous_9)","decl":{"start":{"line":6,"column":55},"end":{"line":6,"column":null}},"loc":{"start":{"line":6,"column":55},"end":{"line":28,"column":1}}},"2":{"name":"(anonymous_10)","decl":{"start":{"line":30,"column":14},"end":{"line":30,"column":21}},"loc":{"start":{"line":30,"column":52},"end":{"line":66,"column":2}}},"3":{"name":"(anonymous_11)","decl":{"start":{"line":30,"column":52},"end":{"line":30,"column":null}},"loc":{"start":{"line":30,"column":52},"end":{"line":66,"column":1}}},"4":{"name":"(anonymous_12)","decl":{"start":{"line":68,"column":15},"end":{"line":68,"column":22}},"loc":{"start":{"line":68,"column":53},"end":{"line":99,"column":2}}},"5":{"name":"(anonymous_13)","decl":{"start":{"line":68,"column":53},"end":{"line":68,"column":null}},"loc":{"start":{"line":68,"column":53},"end":{"line":99,"column":1}}},"6":{"name":"(anonymous_14)","decl":{"start":{"line":75,"column":4},"end":{"line":75,"column":11}},"loc":{"start":{"line":75,"column":41},"end":{"line":97,"column":null}}},"7":{"name":"(anonymous_15)","decl":{"start":{"line":75,"column":41},"end":{"line":75,"column":null}},"loc":{"start":{"line":75,"column":41},"end":{"line":97,"column":5}}},"8":{"name":"(anonymous_16)","decl":{"start":{"line":89,"column":12},"end":{"line":89,"column":13}},"loc":{"start":{"line":89,"column":19},"end":{"line":89,"column":37}}},"9":{"name":"(anonymous_17)","decl":{"start":{"line":101,"column":16},"end":{"line":101,"column":23}},"loc":{"start":{"line":101,"column":54},"end":{"line":146,"column":2}}},"10":{"name":"(anonymous_18)","decl":{"start":{"line":101,"column":54},"end":{"line":101,"column":null}},"loc":{"start":{"line":101,"column":54},"end":{"line":146,"column":1}}},"11":{"name":"(anonymous_19)","decl":{"start":{"line":108,"column":4},"end":{"line":108,"column":11}},"loc":{"start":{"line":108,"column":41},"end":{"line":144,"column":null}}},"12":{"name":"(anonymous_20)","decl":{"start":{"line":108,"column":41},"end":{"line":108,"column":null}},"loc":{"start":{"line":108,"column":41},"end":{"line":144,"column":5}}},"13":{"name":"(anonymous_21)","decl":{"start":{"line":133,"column":10},"end":{"line":133,"column":11}},"loc":{"start":{"line":133,"column":17},"end":{"line":133,"column":35}}}},"branchMap":{"0":{"loc":{"start":{"line":8,"column":2},"end":{"line":10,"column":3}},"type":"if","locations":[{"start":{"line":8,"column":2},"end":{"line":10,"column":3}}]},"1":{"loc":{"start":{"line":8,"column":6},"end":{"line":8,"column":25}},"type":"binary-expr","locations":[{"start":{"line":8,"column":6},"end":{"line":8,"column":12}},{"start":{"line":8,"column":16},"end":{"line":8,"column":25}}]},"2":{"loc":{"start":{"line":13,"column":4},"end":{"line":15,"column":5}},"type":"if","locations":[{"start":{"line":13,"column":4},"end":{"line":15,"column":5}}]},"3":{"loc":{"start":{"line":32,"column":2},"end":{"line":34,"column":3}},"type":"if","locations":[{"start":{"line":32,"column":2},"end":{"line":34,"column":3}}]},"4":{"loc":{"start":{"line":32,"column":6},"end":{"line":32,"column":25}},"type":"binary-expr","locations":[{"start":{"line":32,"column":6},"end":{"line":32,"column":12}},{"start":{"line":32,"column":16},"end":{"line":32,"column":25}}]},"5":{"loc":{"start":{"line":37,"column":4},"end":{"line":39,"column":5}},"type":"if","locations":[{"start":{"line":37,"column":4},"end":{"line":39,"column":5}}]},"6":{"loc":{"start":{"line":41,"column":4},"end":{"line":43,"column":5}},"type":"if","locations":[{"start":{"line":41,"column":4},"end":{"line":43,"column":5}}]},"7":{"loc":{"start":{"line":52,"column":4},"end":{"line":56,"column":5}},"type":"if","locations":[{"start":{"line":52,"column":4},"end":{"line":56,"column":5}},{"start":{"line":54,"column":11},"end":{"line":56,"column":5}}]},"8":{"loc":{"start":{"line":70,"column":23},"end":{"line":70,"column":61}},"type":"binary-expr","locations":[{"start":{"line":70,"column":23},"end":{"line":70,"column":33}},{"start":{"line":70,"column":37},"end":{"line":70,"column":61}}]},"9":{"loc":{"start":{"line":71,"column":2},"end":{"line":71,"column":55}},"type":"if","locations":[{"start":{"line":71,"column":2},"end":{"line":71,"column":55}}]},"10":{"loc":{"start":{"line":77,"column":6},"end":{"line":77,"column":42}},"type":"if","locations":[{"start":{"line":77,"column":6},"end":{"line":77,"column":42}}]},"11":{"loc":{"start":{"line":80,"column":8},"end":{"line":93,"column":9}},"type":"if","locations":[{"start":{"line":80,"column":8},"end":{"line":93,"column":9}},{"start":{"line":87,"column":15},"end":{"line":93,"column":9}}]},"12":{"loc":{"start":{"line":81,"column":10},"end":{"line":82,"column":54}},"type":"binary-expr","locations":[{"start":{"line":81,"column":10},"end":{"line":81,"column":31}},{"start":{"line":82,"column":10},"end":{"line":82,"column":54}}]},"13":{"loc":{"start":{"line":103,"column":23},"end":{"line":103,"column":61}},"type":"binary-expr","locations":[{"start":{"line":103,"column":23},"end":{"line":103,"column":33}},{"start":{"line":103,"column":37},"end":{"line":103,"column":61}}]},"14":{"loc":{"start":{"line":104,"column":2},"end":{"line":104,"column":55}},"type":"if","locations":[{"start":{"line":104,"column":2},"end":{"line":104,"column":55}}]},"15":{"loc":{"start":{"line":109,"column":6},"end":{"line":112,"column":7}},"type":"if","locations":[{"start":{"line":109,"column":6},"end":{"line":112,"column":7}}]},"16":{"loc":{"start":{"line":115,"column":8},"end":{"line":122,"column":9}},"type":"if","locations":[{"start":{"line":115,"column":8},"end":{"line":122,"column":9}}]},"17":{"loc":{"start":{"line":116,"column":10},"end":{"line":117,"column":54}},"type":"binary-expr","locations":[{"start":{"line":116,"column":10},"end":{"line":116,"column":31}},{"start":{"line":117,"column":10},"end":{"line":117,"column":54}}]}},"s":{"0":1,"1":1,"2":1,"3":1,"4":0,"5":0,"6":0,"7":0,"8":0,"9":0,"10":0,"11":0,"12":0,"13":0,"14":0,"15":0,"16":0,"17":0,"18":0,"19":1,"20":0,"21":0,"22":0,"23":0,"24":0,"25":0,"26":0,"27":0,"28":0,"29":0,"30":0,"31":0,"32":0,"33":0,"34":0,"35":0,"36":0,"37":0,"38":0,"39":0,"40":1,"41":0,"42":0,"43":0,"44":0,"45":0,"46":0,"47":0,"48":0,"49":0,"50":0,"51":0,"52":0,"53":0,"54":0,"55":0,"56":0,"57":0,"58":0,"59":0,"60":0,"61":0,"62":1,"63":0,"64":0,"65":0,"66":0,"67":0,"68":0,"69":0,"70":0,"71":0,"72":0,"73":0,"74":0,"75":0,"76":0,"77":0,"78":0,"79":0,"80":0,"81":0,"82":0,"83":0,"84":0,"85":0,"86":0,"87":1},"f":{"0":0,"1":0,"2":0,"3":0,"4":0,"5":0,"6":0,"7":0,"8":0,"9":0,"10":0,"11":0,"12":0,"13":0},"b":{"0":[0],"1":[0,0],"2":[0],"3":[0],"4":[0,0],"5":[0],"6":[0],"7":[0,0],"8":[0,0],"9":[0],"10":[0],"11":[0,0],"12":[0,0],"13":[0,0],"14":[0],"15":[0],"16":[0],"17":[0,0]}}
,"C:\\Users\\dolev\\OneDrive\\שולחן העבודה\\college of managemant\\Programming languages\\פיתוח אפליקציות אפליקציות אינטרנטיות\\Social_Netwrok\\src\\controllers\\main_controller.ts": {"path":"C:\\Users\\dolev\\OneDrive\\שולחן העבודה\\college of managemant\\Programming languages\\פיתוח אפליקציות אפליקציות אינטרנטיות\\Social_Netwrok\\src\\controllers\\main_controller.ts","statementMap":{"0":{"start":{"line":3,"column":14},"end":{"line":5,"column":1}},"1":{"start":{"line":4,"column":2},"end":{"line":4,"column":47}},"2":{"start":{"line":7,"column":0},"end":{"line":7,"column":25}}},"fnMap":{"0":{"name":"(anonymous_0)","decl":{"start":{"line":3,"column":14},"end":{"line":3,"column":15}},"loc":{"start":{"line":3,"column":46},"end":{"line":5,"column":1}}}},"branchMap":{},"s":{"0":1,"1":0,"2":1},"f":{"0":0},"b":{}}
,"C:\\Users\\dolev\\OneDrive\\שולחן העבודה\\college of managemant\\Programming languages\\פיתוח אפליקציות אפליקציות אינטרנטיות\\Social_Netwrok\\src\\controllers\\post_controller.ts": {"path":"C:\\Users\\dolev\\OneDrive\\שולחן העבודה\\college of managemant\\Programming languages\\פיתוח אפליקציות אפליקציות אינטרנטיות\\Social_Netwrok\\src\\controllers\\post_controller.ts","statementMap":{"0":{"start":{"line":2,"column":0},"end":{"line":2,"column":40}},"1":{"start":{"line":5,"column":19},"end":{"line":23,"column":null}},"2":{"start":{"line":5,"column":57},"end":{"line":23,"column":null}},"3":{"start":{"line":6,"column":2},"end":{"line":6,"column":null}},"4":{"start":{"line":7,"column":2},"end":{"line":21,"column":3}},"5":{"start":{"line":8,"column":17},"end":{"line":14,"column":6}},"6":{"start":{"line":15,"column":4},"end":{"line":17,"column":5}},"7":{"start":{"line":16,"column":6},"end":{"line":16,"column":35}},"8":{"start":{"line":19,"column":4},"end":{"line":19,"column":23}},"9":{"start":{"line":20,"column":4},"end":{"line":20,"column":56}},"10":{"start":{"line":24,"column":19},"end":{"line":39,"column":null}},"11":{"start":{"line":24,"column":55},"end":{"line":39,"column":null}},"12":{"start":{"line":25,"column":2},"end":{"line":25,"column":null}},"13":{"start":{"line":26,"column":2},"end":{"line":37,"column":3}},"14":{"start":{"line":27,"column":19},"end":{"line":27,"column":32}},"15":{"start":{"line":28,"column":19},"end":{"line":28,"column":46}},"16":{"start":{"line":29,"column":6},"end":{"line":29,"column":24}},"17":{"start":{"line":30,"column":6},"end":{"line":34,"column":7}},"18":{"start":{"line":31,"column":10},"end":{"line":31,"column":null}},"19":{"start":{"line":33,"column":10},"end":{"line":33,"column":46}},"20":{"start":{"line":36,"column":6},"end":{"line":36,"column":59}},"21":{"start":{"line":40,"column":20},"end":{"line":53,"column":null}},"22":{"start":{"line":40,"column":56},"end":{"line":53,"column":null}},"23":{"start":{"line":41,"column":2},"end":{"line":41,"column":null}},"24":{"start":{"line":42,"column":2},"end":{"line":52,"column":3}},"25":{"start":{"line":43,"column":20},"end":{"line":43,"column":37}},"26":{"start":{"line":44,"column":6},"end":{"line":44,"column":25}},"27":{"start":{"line":45,"column":6},"end":{"line":49,"column":7}},"28":{"start":{"line":46,"column":10},"end":{"line":46,"column":58}},"29":{"start":{"line":48,"column":10},"end":{"line":48,"column":45}},"30":{"start":{"line":51,"column":6},"end":{"line":51,"column":41}},"31":{"start":{"line":56,"column":0},"end":{"line":56,"column":52}}},"fnMap":{"0":{"name":"(anonymous_8)","decl":{"start":{"line":5,"column":19},"end":{"line":5,"column":26}},"loc":{"start":{"line":5,"column":57},"end":{"line":23,"column":null}}},"1":{"name":"(anonymous_9)","decl":{"start":{"line":5,"column":57},"end":{"line":5,"column":null}},"loc":{"start":{"line":5,"column":57},"end":{"line":23,"column":1}}},"2":{"name":"(anonymous_10)","decl":{"start":{"line":24,"column":19},"end":{"line":24,"column":26}},"loc":{"start":{"line":24,"column":55},"end":{"line":39,"column":null}}},"3":{"name":"(anonymous_11)","decl":{"start":{"line":24,"column":55},"end":{"line":24,"column":null}},"loc":{"start":{"line":24,"column":55},"end":{"line":39,"column":1}}},"4":{"name":"(anonymous_12)","decl":{"start":{"line":40,"column":20},"end":{"line":40,"column":27}},"loc":{"start":{"line":40,"column":56},"end":{"line":53,"column":null}}},"5":{"name":"(anonymous_13)","decl":{"start":{"line":40,"column":56},"end":{"line":40,"column":null}},"loc":{"start":{"line":40,"column":56},"end":{"line":53,"column":1}}}},"branchMap":{"0":{"loc":{"start":{"line":15,"column":4},"end":{"line":17,"column":5}},"type":"if","locations":[{"start":{"line":15,"column":4},"end":{"line":17,"column":5}}]},"1":{"loc":{"start":{"line":30,"column":6},"end":{"line":34,"column":7}},"type":"if","locations":[{"start":{"line":30,"column":6},"end":{"line":34,"column":7}},{"start":{"line":32,"column":13},"end":{"line":34,"column":7}}]},"2":{"loc":{"start":{"line":45,"column":6},"end":{"line":49,"column":7}},"type":"if","locations":[{"start":{"line":45,"column":6},"end":{"line":49,"column":7}},{"start":{"line":47,"column":13},"end":{"line":49,"column":7}}]}},"s":{"0":1,"1":1,"2":1,"3":1,"4":1,"5":1,"6":1,"7":1,"8":0,"9":0,"10":1,"11":2,"12":2,"13":2,"14":2,"15":2,"16":1,"17":1,"18":0,"19":1,"20":1,"21":1,"22":0,"23":0,"24":0,"25":0,"26":0,"27":0,"28":0,"29":0,"30":0,"31":1},"f":{"0":1,"1":1,"2":2,"3":2,"4":0,"5":0},"b":{"0":[1],"1":[0,1],"2":[0,0]}}
,"C:\\Users\\dolev\\OneDrive\\שולחן העבודה\\college of managemant\\Programming languages\\פיתוח אפליקציות אפליקציות אינטרנטיות\\Social_Netwrok\\src\\models\\post_model.ts": {"path":"C:\\Users\\dolev\\OneDrive\\שולחן העבודה\\college of managemant\\Programming languages\\פיתוח אפליקציות אפליקציות אינטרנטיות\\Social_Netwrok\\src\\models\\post_model.ts","statementMap":{"0":{"start":{"line":1,"column":0},"end":{"line":1,"column":58}},"1":{"start":{"line":12,"column":19},"end":{"line":19,"column":2}},"2":{"start":{"line":21,"column":18},"end":{"line":21,"column":50}},"3":{"start":{"line":23,"column":0},"end":{"line":23,"column":25}}},"fnMap":{},"branchMap":{},"s":{"0":1,"1":1,"2":1,"3":1},"f":{},"b":{}}
,"C:\\Users\\dolev\\OneDrive\\שולחן העבודה\\college of managemant\\Programming languages\\פיתוח אפליקציות אפליקציות אינטרנטיות\\Social_Netwrok\\src\\models\\user_model.ts": {"path":"C:\\Users\\dolev\\OneDrive\\שולחן העבודה\\college of managemant\\Programming languages\\פיתוח אפליקציות אפליקציות אינטרנטיות\\Social_Netwrok\\src\\models\\user_model.ts","statementMap":{"0":{"start":{"line":1,"column":0},"end":{"line":1,"column":51}},"1":{"start":{"line":12,"column":19},"end":{"line":33,"column":2}},"2":{"start":{"line":35,"column":18},"end":{"line":35,"column":50}},"3":{"start":{"line":37,"column":0},"end":{"line":37,"column":25}}},"fnMap":{},"branchMap":{},"s":{"0":1,"1":1,"2":1,"3":1},"f":{},"b":{}}
,"C:\\Users\\dolev\\OneDrive\\שולחן העבודה\\college of managemant\\Programming languages\\פיתוח אפליקציות אפליקציות אינטרנטיות\\Social_Netwrok\\src\\routes\\auth_route.ts": {"path":"C:\\Users\\dolev\\OneDrive\\שולחן העבודה\\college of managemant\\Programming languages\\פיתוח אפליקציות אפליקציות אינטרנטיות\\Social_Netwrok\\src\\routes\\auth_route.ts","statementMap":{"0":{"start":{"line":1,"column":0},"end":{"line":1,"column":30}},"1":{"start":{"line":2,"column":15},"end":{"line":2,"column":31}},"2":{"start":{"line":3,"column":0},"end":{"line":3,"column":60}},"3":{"start":{"line":5,"column":0},"end":{"line":5,"column":50}},"4":{"start":{"line":6,"column":0},"end":{"line":6,"column":44}},"5":{"start":{"line":7,"column":0},"end":{"line":7,"column":45}},"6":{"start":{"line":8,"column":0},"end":{"line":8,"column":47}},"7":{"start":{"line":10,"column":0},"end":{"line":10,"column":22}}},"fnMap":{},"branchMap":{},"s":{"0":1,"1":1,"2":1,"3":1,"4":1,"5":1,"6":1,"7":1},"f":{},"b":{}}
,"C:\\Users\\dolev\\OneDrive\\שולחן העבודה\\college of managemant\\Programming languages\\פיתוח אפליקציות אפליקציות אינטרנטיות\\Social_Netwrok\\src\\routes\\main_route.ts": {"path":"C:\\Users\\dolev\\OneDrive\\שולחן העבודה\\college of managemant\\Programming languages\\פיתוח אפליקציות אפליקציות אינטרנטיות\\Social_Netwrok\\src\\routes\\main_route.ts","statementMap":{"0":{"start":{"line":1,"column":0},"end":{"line":1,"column":30}},"1":{"start":{"line":2,"column":15},"end":{"line":2,"column":31}},"2":{"start":{"line":3,"column":0},"end":{"line":3,"column":60}},"3":{"start":{"line":5,"column":0},"end":{"line":5,"column":38}},"4":{"start":{"line":7,"column":0},"end":{"line":7,"column":22}}},"fnMap":{},"branchMap":{},"s":{"0":1,"1":1,"2":1,"3":1,"4":1},"f":{},"b":{}}
,"C:\\Users\\dolev\\OneDrive\\שולחן העבודה\\college of managemant\\Programming languages\\פיתוח אפליקציות אפליקציות אינטרנטיות\\Social_Netwrok\\src\\routes\\post_route.ts": {"path":"C:\\Users\\dolev\\OneDrive\\שולחן העבודה\\college of managemant\\Programming languages\\פיתוח אפליקציות אפליקציות אינטרנטיות\\Social_Netwrok\\src\\routes\\post_route.ts","statementMap":{"0":{"start":{"line":1,"column":0},"end":{"line":1,"column":30}},"1":{"start":{"line":2,"column":0},"end":{"line":2,"column":60}},"2":{"start":{"line":3,"column":15},"end":{"line":3,"column":31}},"3":{"start":{"line":5,"column":1},"end":{"line":5,"column":47}},"4":{"start":{"line":6,"column":1},"end":{"line":6,"column":53}},"5":{"start":{"line":9,"column":1},"end":{"line":9,"column":53}},"6":{"start":{"line":24,"column":0},"end":{"line":24,"column":22}}},"fnMap":{},"branchMap":{},"s":{"0":1,"1":1,"2":1,"3":1,"4":1,"5":1,"6":1},"f":{},"b":{}}
}
