TN:
SF:src\app.ts
FN:13,(anonymous_1)
FN:14,(anonymous_2)
FN:16,(anonymous_3)
FN:17,(anonymous_4)
FN:19,(anonymous_5)
FNF:5
FNH:4
FNDA:2,(anonymous_1)
FNDA:2,(anonymous_2)
FNDA:1,(anonymous_3)
FNDA:0,(anonymous_4)
FNDA:2,(anonymous_5)
DA:1,1
DA:2,1
DA:3,1
DA:4,1
DA:5,1
DA:6,1
DA:7,1
DA:8,1
DA:9,1
DA:10,1
DA:13,1
DA:14,2
DA:15,2
DA:16,2
DA:17,2
DA:18,2
DA:19,2
DA:20,2
DA:22,2
DA:23,2
DA:24,2
DA:25,2
DA:26,2
DA:27,2
DA:28,2
DA:31,2
DA:34,2
DA:37,1
LF:28
LH:28
BRF:0
BRH:0
end_of_record
TN:
SF:src\controllers\auth_controller.ts
FN:6,(anonymous_8)
FN:6,(anonymous_9)
FN:30,(anonymous_10)
FN:30,(anonymous_11)
FN:69,(anonymous_12)
FN:69,(anonymous_13)
FN:79,(anonymous_14)
FN:79,(anonymous_15)
FN:96,(anonymous_16)
FN:108,(anonymous_17)
FN:108,(anonymous_18)
FN:115,(anonymous_19)
FN:115,(anonymous_20)
FN:140,(anonymous_21)
FNF:14
FNH:14
FNDA:9,(anonymous_8)
FNDA:9,(anonymous_9)
FNDA:11,(anonymous_10)
FNDA:11,(anonymous_11)
FNDA:4,(anonymous_12)
FNDA:4,(anonymous_13)
FNDA:2,(anonymous_14)
FNDA:2,(anonymous_15)
FNDA:4,(anonymous_16)
FNDA:10,(anonymous_17)
FNDA:10,(anonymous_18)
FNDA:8,(anonymous_19)
FNDA:8,(anonymous_20)
FNDA:9,(anonymous_21)
DA:2,1
DA:3,1
DA:4,1
DA:6,9
DA:7,9
DA:8,9
DA:9,2
DA:11,7
DA:12,7
DA:13,7
DA:14,4
DA:16,3
DA:17,3
DA:18,3
DA:22,3
DA:23,3
DA:25,0
DA:26,0
DA:30,11
DA:32,11
DA:33,11
DA:34,2
DA:36,9
DA:37,9
DA:38,9
DA:39,2
DA:41,7
DA:42,7
DA:43,2
DA:46,5
DA:49,5
DA:53,5
DA:54,0
DA:56,5
DA:58,5
DA:59,5
DA:64,0
DA:65,0
DA:69,4
DA:70,4
DA:72,4
DA:74,4
DA:75,4
DA:76,2
DA:79,2
DA:80,2
DA:81,2
DA:82,0
DA:83,0
DA:85,2
DA:86,2
DA:87,2
DA:91,0
DA:92,0
DA:93,0
DA:95,2
DA:96,4
DA:98,2
DA:99,2
DA:102,0
DA:108,10
DA:109,10
DA:110,10
DA:111,10
DA:112,8
DA:115,8
DA:116,8
DA:117,0
DA:118,0
DA:120,8
DA:121,8
DA:122,8
DA:126,4
DA:127,4
DA:128,4
DA:130,4
DA:135,4
DA:139,4
DA:140,9
DA:142,4
DA:143,4
DA:144,4
DA:149,0
DA:155,1
LF:84
LH:70
BRDA:8,0,0,2
BRDA:8,1,0,9
BRDA:8,1,1,9
BRDA:13,2,0,4
BRDA:33,3,0,2
BRDA:33,4,0,11
BRDA:33,4,1,9
BRDA:38,5,0,2
BRDA:42,6,0,2
BRDA:53,7,0,0
BRDA:53,7,1,5
BRDA:74,8,0,4
BRDA:74,8,1,2
BRDA:75,9,0,2
BRDA:81,10,0,0
BRDA:87,11,0,0
BRDA:87,11,1,2
BRDA:88,12,0,2
BRDA:88,12,1,2
BRDA:110,13,0,10
BRDA:110,13,1,8
BRDA:111,14,0,2
BRDA:116,15,0,0
BRDA:122,16,0,4
BRDA:123,17,0,8
BRDA:123,17,1,8
BRF:26
BRH:22
end_of_record
TN:
SF:src\controllers\base_controller.ts
FN:7,(anonymous_7)
FN:15,(anonymous_8)
FN:26,(anonymous_10)
FN:40,(anonymous_12)
FN:56,(anonymous_14)
FN:73,(anonymous_16)
FN:87,(anonymous_18)
FNF:7
FNH:6
FNDA:3,(anonymous_7)
FNDA:1,(anonymous_8)
FNDA:1,(anonymous_10)
FNDA:1,(anonymous_12)
FNDA:2,(anonymous_14)
FNDA:2,(anonymous_16)
FNDA:0,(anonymous_18)
DA:4,1
DA:8,3
DA:9,3
DA:10,3
DA:16,1
DA:17,1
DA:18,1
DA:19,1
DA:21,0
DA:22,0
DA:27,1
DA:28,1
DA:29,1
DA:30,0
DA:31,0
DA:33,1
DA:35,0
DA:36,0
DA:41,1
DA:42,1
DA:43,1
DA:44,1
DA:45,1
DA:48,0
DA:51,0
DA:52,0
DA:57,2
DA:58,2
DA:63,2
DA:64,1
DA:65,1
DA:67,1
DA:74,2
DA:75,2
DA:76,2
DA:77,1
DA:78,1
DA:80,1
DA:87,1
DA:88,0
DA:90,0
DA:93,1
LF:42
LH:31
BRDA:17,0,0,0
BRDA:17,0,1,1
BRDA:29,1,0,0
BRDA:44,2,0,1
BRDA:44,2,1,0
BRDA:63,3,0,1
BRDA:76,4,0,1
BRF:7
BRH:4
end_of_record
TN:
SF:src\controllers\comment_controller.ts
FN:6,(anonymous_1)
FNF:1
FNH:1
FNDA:1,(anonymous_1)
DA:2,1
DA:3,1
DA:7,1
DA:10,1
LF:4
LH:4
BRF:0
BRH:0
end_of_record
TN:
SF:src\controllers\main_controller.ts
FN:3,(anonymous_0)
FNF:1
FNH:0
FNDA:0,(anonymous_0)
DA:3,1
DA:4,0
DA:7,1
LF:3
LH:2
BRF:0
BRH:0
end_of_record
TN:
SF:src\controllers\post_controller.ts
FN:5,(anonymous_1)
FNF:1
FNH:1
FNDA:1,(anonymous_1)
DA:2,1
DA:3,1
DA:6,1
DA:10,1
LF:4
LH:4
BRF:0
BRH:0
end_of_record
TN:
SF:src\middleware\auth_middleware.ts
FN:7,(anonymous_1)
FN:15,(anonymous_2)
FNF:2
FNH:2
FNDA:5,(anonymous_1)
FNDA:5,(anonymous_2)
DA:2,1
DA:7,1
DA:12,5
DA:13,5
DA:14,5
DA:15,5
DA:16,5
DA:17,5
DA:18,5
DA:19,5
DA:23,1
LF:11
LH:11
BRDA:13,0,0,5
BRDA:13,0,1,5
BRDA:14,1,0,0
BRDA:17,2,0,0
BRF:4
BRH:2
end_of_record
TN:
SF:src\models\comments_model.ts
FNF:0
FNH:0
DA:1,1
DA:10,1
DA:31,1
DA:33,1
LF:4
LH:4
BRF:0
BRH:0
end_of_record
TN:
SF:src\models\likes_model.ts
FNF:0
FNH:0
DA:1,1
DA:9,1
DA:26,1
DA:28,1
LF:4
LH:4
BRF:0
BRH:0
end_of_record
TN:
SF:src\models\post_model.ts
FNF:0
FNH:0
DA:1,1
DA:12,1
DA:23,1
DA:25,1
LF:4
LH:4
BRF:0
BRH:0
end_of_record
TN:
SF:src\models\user_model.ts
FNF:0
FNH:0
DA:1,1
DA:12,1
DA:35,1
DA:37,1
LF:4
LH:4
BRF:0
BRH:0
end_of_record
TN:
SF:src\routes\auth_route.ts
FNF:0
FNH:0
DA:1,1
DA:2,1
DA:3,1
DA:5,1
DA:6,1
DA:7,1
DA:8,1
DA:10,1
LF:8
LH:8
BRF:0
BRH:0
end_of_record
TN:
SF:src\routes\comments_route.ts
FNF:0
FNH:0
DA:1,1
DA:2,1
DA:3,1
DA:4,1
DA:7,1
DA:8,1
DA:10,1
DA:13,1
DA:14,1
DA:17,1
LF:10
LH:10
BRF:0
BRH:0
end_of_record
TN:
SF:src\routes\likes_route.ts
FNF:0
FNH:0
DA:1,1
DA:2,1
DA:4,1
DA:5,1
DA:7,1
DA:9,1
DA:10,1
DA:12,1
LF:8
LH:8
BRF:0
BRH:0
end_of_record
TN:
SF:src\routes\main_route.ts
FNF:0
FNH:0
DA:1,1
DA:2,1
DA:3,1
DA:5,1
DA:7,1
LF:5
LH:5
BRF:0
BRH:0
end_of_record
TN:
SF:src\routes\post_route.ts
FNF:0
FNH:0
DA:1,1
DA:2,1
DA:3,1
DA:4,1
DA:6,1
DA:7,1
DA:10,1
DA:12,1
DA:15,1
DA:17,1
LF:10
LH:10
BRF:0
BRH:0
end_of_record
