TN:
SF:backend\app.ts
FN:15,(anonymous_1)
FN:16,(anonymous_2)
FN:18,(anonymous_3)
FN:19,(anonymous_4)
FN:21,(anonymous_5)
FNF:5
FNH:4
FNDA:20,(anonymous_1)
FNDA:20,(anonymous_2)
FNDA:10,(anonymous_3)
FNDA:0,(anonymous_4)
FNDA:20,(anonymous_5)
DA:1,10
DA:2,10
DA:3,10
DA:4,10
DA:5,10
DA:6,10
DA:7,10
DA:8,10
DA:9,10
DA:10,10
DA:11,10
DA:12,10
DA:13,10
DA:15,10
DA:16,20
DA:17,20
DA:18,20
DA:19,20
DA:20,20
DA:21,20
DA:22,20
DA:23,20
DA:24,20
DA:25,20
DA:26,20
DA:27,20
DA:28,20
DA:29,20
DA:30,20
DA:31,20
DA:32,20
DA:33,20
DA:36,20
DA:39,10
LF:34
LH:34
BRF:0
BRH:0
end_of_record
TN:
SF:backend\controllers\auth_controller.ts
FN:11,(anonymous_8)
FN:11,(anonymous_9)
FN:42,(anonymous_10)
FN:42,(anonymous_11)
FN:86,(anonymous_12)
FN:86,(anonymous_13)
FN:106,(anonymous_14)
FN:106,(anonymous_15)
FN:136,(anonymous_16)
FN:136,(anonymous_17)
FN:146,(anonymous_18)
FN:146,(anonymous_19)
FN:163,(anonymous_20)
FN:175,(anonymous_21)
FN:175,(anonymous_22)
FN:182,(anonymous_23)
FN:182,(anonymous_24)
FN:207,(anonymous_25)
FNF:18
FNH:16
FNDA:0,(anonymous_8)
FNDA:0,(anonymous_9)
FNDA:37,(anonymous_10)
FNDA:37,(anonymous_11)
FNDA:40,(anonymous_12)
FNDA:40,(anonymous_13)
FNDA:50,(anonymous_14)
FNDA:50,(anonymous_15)
FNDA:18,(anonymous_16)
FNDA:18,(anonymous_17)
FNDA:9,(anonymous_18)
FNDA:9,(anonymous_19)
FNDA:10,(anonymous_20)
FNDA:45,(anonymous_21)
FNDA:45,(anonymous_22)
FNDA:36,(anonymous_23)
FNDA:36,(anonymous_24)
FNDA:29,(anonymous_25)
DA:2,10
DA:3,10
DA:4,10
DA:5,10
DA:6,10
DA:8,10
DA:10,10
DA:11,10
DA:12,0
DA:13,0
DA:14,0
DA:18,0
DA:19,0
DA:20,0
DA:21,0
DA:22,0
DA:23,0
DA:29,0
DA:30,0
DA:38,0
DA:42,37
DA:44,37
DA:45,37
DA:46,9
DA:48,28
DA:49,28
DA:50,28
DA:51,9
DA:53,19
DA:54,19
DA:56,19
DA:60,19
DA:66,19
DA:73,19
DA:74,19
DA:81,0
DA:82,0
DA:86,40
DA:87,40
DA:90,40
DA:94,40
DA:95,0
DA:97,40
DA:99,40
DA:100,40
DA:106,50
DA:108,50
DA:109,50
DA:110,10
DA:112,40
DA:113,40
DA:114,40
DA:115,9
DA:117,31
DA:118,31
DA:119,10
DA:122,21
DA:124,21
DA:131,0
DA:132,0
DA:136,18
DA:139,18
DA:141,18
DA:142,18
DA:143,9
DA:146,9
DA:147,9
DA:148,9
DA:149,0
DA:150,0
DA:152,9
DA:153,9
DA:154,9
DA:158,0
DA:159,0
DA:160,0
DA:162,9
DA:163,10
DA:165,9
DA:166,9
DA:169,0
DA:175,45
DA:176,45
DA:177,45
DA:178,45
DA:179,36
DA:182,36
DA:183,36
DA:184,0
DA:185,0
DA:187,36
DA:188,36
DA:189,36
DA:193,18
DA:194,18
DA:195,18
DA:197,18
DA:202,18
DA:206,18
DA:207,29
DA:209,18
DA:210,18
DA:211,18
DA:216,0
DA:222,10
LF:105
LH:79
BRDA:19,0,0,0
BRDA:19,0,1,0
BRDA:19,1,0,0
BRDA:19,1,1,0
BRDA:20,2,0,0
BRDA:22,3,0,0
BRDA:26,4,0,0
BRDA:26,4,1,0
BRDA:26,5,0,0
BRDA:26,5,1,0
BRDA:45,6,0,9
BRDA:45,7,0,37
BRDA:45,7,1,37
BRDA:50,8,0,9
BRDA:94,9,0,0
BRDA:94,9,1,40
BRDA:109,10,0,10
BRDA:109,11,0,50
BRDA:109,11,1,40
BRDA:114,12,0,9
BRDA:118,13,0,10
BRDA:141,14,0,18
BRDA:141,14,1,9
BRDA:142,15,0,9
BRDA:148,16,0,0
BRDA:154,17,0,0
BRDA:154,17,1,9
BRDA:155,18,0,9
BRDA:155,18,1,9
BRDA:177,19,0,45
BRDA:177,19,1,36
BRDA:178,20,0,9
BRDA:183,21,0,0
BRDA:189,22,0,18
BRDA:190,23,0,36
BRDA:190,23,1,36
BRF:36
BRH:22
end_of_record
TN:
SF:backend\controllers\base_controller.ts
FN:7,(anonymous_7)
FN:15,(anonymous_8)
FN:26,(anonymous_10)
FN:40,(anonymous_12)
FN:52,(anonymous_14)
FN:70,(anonymous_16)
FN:85,(anonymous_18)
FNF:7
FNH:4
FNDA:40,(anonymous_7)
FNDA:6,(anonymous_8)
FNDA:12,(anonymous_10)
FNDA:0,(anonymous_12)
FNDA:11,(anonymous_14)
FNDA:0,(anonymous_16)
FNDA:0,(anonymous_18)
DA:4,10
DA:8,40
DA:9,40
DA:10,40
DA:16,6
DA:17,6
DA:18,6
DA:19,6
DA:21,0
DA:22,0
DA:27,12
DA:28,12
DA:29,12
DA:30,7
DA:31,7
DA:33,5
DA:35,0
DA:36,0
DA:41,0
DA:42,0
DA:43,0
DA:44,0
DA:47,0
DA:48,0
DA:53,11
DA:54,11
DA:59,11
DA:60,7
DA:61,7
DA:63,4
DA:65,0
DA:66,0
DA:71,0
DA:72,0
DA:73,0
DA:74,0
DA:75,0
DA:77,0
DA:79,0
DA:80,0
DA:85,10
DA:88,0
DA:91,10
LF:43
LH:22
BRDA:17,0,0,0
BRDA:17,0,1,6
BRDA:29,1,0,7
BRDA:43,2,0,0
BRDA:59,3,0,7
BRDA:73,4,0,0
BRF:6
BRH:3
end_of_record
TN:
SF:backend\controllers\comment_controller.ts
FN:9,(anonymous_8)
FN:13,(anonymous_9)
FN:47,(anonymous_11)
FN:60,(anonymous_13)
FNF:4
FNH:4
FNDA:10,(anonymous_8)
FNDA:4,(anonymous_9)
FNDA:3,(anonymous_11)
FNDA:1,(anonymous_13)
DA:1,10
DA:2,10
DA:4,10
DA:5,10
DA:6,10
DA:10,10
DA:16,4
DA:17,4
DA:18,4
DA:19,1
DA:20,1
DA:22,3
DA:23,3
DA:24,3
DA:25,2
DA:26,2
DA:28,1
DA:29,1
DA:30,1
DA:31,1
DA:32,1
DA:37,1
DA:41,0
DA:42,0
DA:43,0
DA:48,3
DA:49,3
DA:50,3
DA:51,1
DA:52,1
DA:54,2
DA:55,2
DA:56,1
DA:57,1
DA:59,1
DA:60,1
DA:62,1
DA:63,1
DA:64,1
DA:69,1
DA:71,0
DA:72,0
DA:76,10
LF:43
LH:38
BRDA:18,0,0,1
BRDA:24,1,0,2
BRDA:24,1,1,1
BRDA:29,2,0,1
BRDA:50,3,0,1
BRDA:55,4,0,1
BRF:6
BRH:6
end_of_record
TN:
SF:backend\controllers\post_controller.ts
FN:9,(anonymous_8)
FN:12,(anonymous_9)
FN:17,(anonymous_11)
FN:32,(anonymous_12)
FN:56,(anonymous_14)
FN:85,(anonymous_16)
FN:95,(anonymous_18)
FN:96,(anonymous_19)
FNF:8
FNH:6
FNDA:10,(anonymous_8)
FNDA:3,(anonymous_9)
FNDA:1,(anonymous_11)
FNDA:3,(anonymous_12)
FNDA:12,(anonymous_14)
FNDA:12,(anonymous_16)
FNDA:0,(anonymous_18)
FNDA:0,(anonymous_19)
DA:1,10
DA:2,10
DA:4,10
DA:5,10
DA:6,10
DA:7,10
DA:10,10
DA:13,3
DA:14,3
DA:15,3
DA:16,2
DA:17,2
DA:18,2
DA:19,1
DA:20,1
DA:22,1
DA:23,1
DA:25,1
DA:28,0
DA:33,3
DA:34,3
DA:35,3
DA:36,0
DA:37,0
DA:39,3
DA:40,3
DA:41,2
DA:42,1
DA:43,1
DA:45,1
DA:46,1
DA:47,1
DA:49,1
DA:52,0
DA:57,12
DA:58,12
DA:59,3
DA:60,3
DA:63,9
DA:64,9
DA:65,3
DA:66,3
DA:68,9
DA:69,9
DA:70,9
DA:75,9
DA:76,9
DA:80,0
DA:81,0
DA:86,12
DA:87,12
DA:88,12
DA:89,6
DA:90,6
DA:92,6
DA:93,6
DA:94,6
DA:95,6
DA:96,6
DA:97,6
DA:101,6
DA:105,6
DA:106,6
DA:107,6
DA:108,6
DA:111,0
DA:112,0
DA:117,10
LF:68
LH:60
BRDA:15,0,0,2
BRDA:15,0,1,1
BRDA:18,1,0,1
BRDA:35,2,0,0
BRDA:40,3,0,2
BRDA:40,3,1,1
BRDA:41,4,0,1
BRDA:58,5,0,3
BRDA:64,6,0,3
BRDA:69,7,0,9
BRDA:75,8,0,9
BRDA:88,9,0,6
BRDA:93,10,0,6
BRF:13
BRH:12
end_of_record
TN:
SF:backend\controllers\userActivity_controller.ts
FN:6,(anonymous_8)
FN:9,(anonymous_9)
FN:24,(anonymous_11)
FNF:3
FNH:3
FNDA:10,(anonymous_8)
FNDA:2,(anonymous_9)
FNDA:2,(anonymous_11)
DA:1,10
DA:3,10
DA:7,10
DA:10,2
DA:11,2
DA:12,2
DA:15,2
DA:16,1
DA:17,1
DA:19,1
DA:21,0
DA:25,2
DA:26,2
DA:27,2
DA:30,2
DA:31,1
DA:32,1
DA:34,1
DA:36,0
DA:40,10
LF:20
LH:18
BRDA:15,0,0,1
BRDA:30,1,0,1
BRF:2
BRH:2
end_of_record
TN:
SF:backend\controllers\user_controller.ts
FN:11,(anonymous_8)
FN:14,(anonymous_9)
FN:34,(anonymous_11)
FN:47,(anonymous_13)
FN:66,(anonymous_15)
FNF:5
FNH:5
FNDA:10,(anonymous_8)
FNDA:4,(anonymous_9)
FNDA:2,(anonymous_11)
FNDA:4,(anonymous_13)
FNDA:2,(anonymous_15)
DA:1,10
DA:3,10
DA:4,10
DA:5,10
DA:6,10
DA:7,10
DA:8,10
DA:12,10
DA:15,4
DA:16,4
DA:17,1
DA:19,3
DA:23,3
DA:24,2
DA:26,1
DA:27,1
DA:28,1
DA:29,1
DA:31,1
DA:35,2
DA:36,2
DA:37,1
DA:38,1
DA:40,1
DA:41,1
DA:42,1
DA:43,1
DA:44,1
DA:48,4
DA:49,2
DA:51,2
DA:52,2
DA:53,1
DA:55,1
DA:56,1
DA:58,1
DA:59,1
DA:60,1
DA:67,2
DA:69,2
DA:73,2
DA:76,2
DA:77,1
DA:78,1
DA:82,1
DA:89,1
DA:90,1
DA:93,10
LF:48
LH:48
BRDA:16,0,0,1
BRDA:23,1,0,2
BRDA:36,2,0,1
BRDA:48,3,0,2
BRDA:48,3,1,2
BRDA:52,4,0,1
BRDA:67,5,0,0
BRDA:67,5,1,2
BRDA:67,6,0,2
BRDA:67,6,1,2
BRDA:73,7,0,2
BRDA:73,7,1,2
BRDA:76,8,0,1
BRF:13
BRH:12
end_of_record
TN:
SF:backend\middleware\auth_middleware.ts
FN:7,(anonymous_1)
FN:16,(anonymous_2)
FNF:2
FNH:2
FNDA:68,(anonymous_1)
FNDA:64,(anonymous_2)
DA:2,10
DA:7,10
DA:12,68
DA:13,68
DA:14,64
DA:15,64
DA:16,64
DA:17,64
DA:18,62
DA:19,62
DA:23,10
LF:11
LH:11
BRDA:13,0,0,4
BRDA:14,1,0,64
BRDA:14,1,1,64
BRDA:15,2,0,0
BRDA:17,3,0,2
BRF:5
BRH:4
end_of_record
TN:
SF:backend\middleware\upload_middleware.ts
FN:8,(anonymous_1)
FN:11,(anonymous_2)
FN:18,(anonymous_3)
FN:36,(anonymous_4)
FN:37,(anonymous_5)
FNF:5
FNH:5
FNDA:6,(anonymous_1)
FNDA:6,(anonymous_2)
FNDA:8,(anonymous_3)
FNDA:28,(anonymous_4)
FNDA:28,(anonymous_5)
DA:1,10
DA:2,10
DA:3,10
DA:7,10
DA:9,6
DA:12,6
DA:16,10
DA:19,8
DA:26,8
DA:28,6
DA:31,2
DA:36,10
DA:37,28
DA:38,28
DA:39,2
DA:40,2
DA:41,2
DA:42,0
DA:44,26
DA:48,10
LF:20
LH:19
BRDA:26,0,0,6
BRDA:26,0,1,2
BRDA:38,1,0,2
BRDA:39,2,0,0
BRDA:39,2,1,2
BRDA:40,3,0,2
BRDA:40,3,1,0
BRF:7
BRH:5
end_of_record
TN:
SF:backend\middleware\validPicture_middleware.ts
FN:5,validatePicture
FNF:1
FNH:1
FNDA:26,validatePicture
DA:1,10
DA:2,10
DA:7,26
DA:8,6
DA:11,6
DA:12,0
DA:16,6
DA:24,6
DA:25,6
DA:26,0
DA:31,26
DA:34,10
LF:12
LH:10
BRDA:7,0,0,6
BRDA:11,1,0,0
BRDA:25,2,0,0
BRF:3
BRH:1
end_of_record
TN:
SF:backend\models\comments_model.ts
FNF:0
FNH:0
DA:1,10
DA:10,10
DA:31,10
DA:33,10
LF:4
LH:4
BRF:0
BRH:0
end_of_record
TN:
SF:backend\models\post_model.ts
FNF:0
FNH:0
DA:1,10
DA:12,10
DA:21,10
DA:22,10
LF:4
LH:4
BRF:0
BRH:0
end_of_record
TN:
SF:backend\models\userActivity_model.ts
FNF:0
FNH:0
DA:1,10
DA:14,10
DA:22,10
DA:27,10
LF:4
LH:4
BRF:0
BRH:0
end_of_record
TN:
SF:backend\models\user_model.ts
FNF:0
FNH:0
DA:1,10
DA:12,10
DA:35,10
DA:37,10
LF:4
LH:4
BRF:0
BRH:0
end_of_record
TN:
SF:backend\routes\auth_route.ts
FNF:0
FNH:0
DA:1,10
DA:2,10
DA:3,10
DA:131,10
DA:132,10
DA:161,10
DA:182,10
DA:204,10
DA:208,10
LF:9
LH:9
BRF:0
BRH:0
end_of_record
TN:
SF:backend\routes\comments_route.ts
FNF:0
FNH:0
DA:1,10
DA:2,10
DA:3,10
DA:4,10
DA:82,10
DA:111,10
DA:153,10
DA:211,10
DA:216,10
DA:254,10
LF:10
LH:10
BRF:0
BRH:0
end_of_record
TN:
SF:backend\routes\files_route.ts
FN:52,(anonymous_1)
FNF:1
FNH:1
FNDA:1,(anonymous_1)
DA:1,10
DA:2,10
DA:3,10
DA:4,10
DA:5,10
DA:52,10
DA:53,1
DA:54,1
DA:55,0
DA:56,0
DA:58,1
DA:59,1
DA:63,10
LF:13
LH:11
BRDA:54,0,0,0
BRDA:54,0,1,1
BRF:2
BRH:1
end_of_record
TN:
SF:backend\routes\post_route.ts
FNF:0
FNH:0
DA:1,10
DA:2,10
DA:3,10
DA:4,10
DA:5,10
DA:6,10
DA:80,10
DA:111,10
DA:164,10
DA:215,10
DA:278,10
DA:328,10
DA:363,10
DA:369,10
LF:14
LH:14
BRF:0
BRH:0
end_of_record
TN:
SF:backend\routes\userActivity_route.ts
FNF:0
FNH:0
DA:1,10
DA:2,10
DA:4,10
DA:74,10
DA:95,10
DA:127,10
DA:159,10
DA:164,10
LF:8
LH:8
BRF:0
BRH:0
end_of_record
TN:
SF:backend\routes\user_route.ts
FNF:0
FNH:0
DA:1,10
DA:2,10
DA:3,10
DA:4,10
DA:5,10
DA:6,10
DA:76,10
DA:124,10
DA:176,10
DA:259,10
DA:290,10
DA:292,10
DA:300,10
LF:13
LH:13
BRF:0
BRH:0
end_of_record
